{"/Users/alisonaraujo/Desktop/Projetos/Aplicativos/dindin/dindin/__tests__/fixtures/accounts.ts": {"path":"/Users/alisonaraujo/Desktop/Projetos/Aplicativos/dindin/dindin/__tests__/fixtures/accounts.ts","statementMap":{"0":{"start":{"line":4,"column":44},"end":{"line":16,"column":null}},"1":{"start":{"line":19,"column":39},"end":{"line":31,"column":null}},"2":{"start":{"line":34,"column":44},"end":{"line":46,"column":null}},"3":{"start":{"line":49,"column":48},"end":{"line":61,"column":null}},"4":{"start":{"line":64,"column":43},"end":{"line":76,"column":null}},"5":{"start":{"line":79,"column":45},"end":{"line":84,"column":null}},"6":{"start":{"line":88,"column":2},"end":{"line":92,"column":null}},"7":{"start":{"line":96,"column":32},"end":{"line":102,"column":null}},"8":{"start":{"line":105,"column":33},"end":{"line":109,"column":null}},"9":{"start":{"line":116,"column":68},"end":{"line":119,"column":null}},"10":{"start":{"line":122,"column":39},"end":{"line":129,"column":null}}},"fnMap":{"0":{"name":"createMockAccount","decl":{"start":{"line":87,"column":16},"end":{"line":87,"column":34}},"loc":{"start":{"line":87,"column":81},"end":{"line":93,"column":null}},"line":87}},"branchMap":{"0":{"loc":{"start":{"line":87,"column":34},"end":{"line":87,"column":81}},"type":"default-arg","locations":[{"start":{"line":87,"column":66},"end":{"line":87,"column":81}}],"line":87}},"s":{"0":2,"1":2,"2":2,"3":2,"4":2,"5":2,"6":0,"7":2,"8":2,"9":2,"10":2},"f":{"0":0},"b":{"0":[0]},"meta":{"lastBranch":1,"lastFunction":1,"lastStatement":11,"seen":{"s:4:44:16:Infinity":0,"s:19:39:31:Infinity":1,"s:34:44:46:Infinity":2,"s:49:48:61:Infinity":3,"s:64:43:76:Infinity":4,"s:79:45:84:Infinity":5,"f:87:16:87:34":0,"b:87:66:87:81":0,"s:88:2:92:Infinity":6,"s:96:32:102:Infinity":7,"s:105:33:109:Infinity":8,"s:116:68:119:Infinity":9,"s:122:39:129:Infinity":10}}}
,"/Users/alisonaraujo/Desktop/Projetos/Aplicativos/dindin/dindin/__tests__/fixtures/transactions.ts": {"path":"/Users/alisonaraujo/Desktop/Projetos/Aplicativos/dindin/dindin/__tests__/fixtures/transactions.ts","statementMap":{"0":{"start":{"line":4,"column":51},"end":{"line":23,"column":null}},"1":{"start":{"line":26,"column":49},"end":{"line":45,"column":null}},"2":{"start":{"line":48,"column":57},"end":{"line":67,"column":null}},"3":{"start":{"line":70,"column":56},"end":{"line":89,"column":null}},"4":{"start":{"line":92,"column":53},"end":{"line":111,"column":null}},"5":{"start":{"line":114,"column":51},"end":{"line":133,"column":null}},"6":{"start":{"line":136,"column":53},"end":{"line":142,"column":null}},"7":{"start":{"line":148,"column":2},"end":{"line":153,"column":null}},"8":{"start":{"line":157,"column":36},"end":{"line":166,"column":null}},"9":{"start":{"line":169,"column":36},"end":{"line":174,"column":null}},"10":{"start":{"line":177,"column":37},"end":{"line":180,"column":null}},"11":{"start":{"line":183,"column":43},"end":{"line":187,"column":null}},"12":{"start":{"line":190,"column":44},"end":{"line":205,"column":null}}},"fnMap":{"0":{"name":"createMockTransaction","decl":{"start":{"line":145,"column":16},"end":{"line":145,"column":null}},"loc":{"start":{"line":147,"column":17},"end":{"line":154,"column":null}},"line":147}},"branchMap":{"0":{"loc":{"start":{"line":146,"column":2},"end":{"line":146,"column":null}},"type":"default-arg","locations":[{"start":{"line":146,"column":38},"end":{"line":146,"column":null}}],"line":146}},"s":{"0":1,"1":1,"2":1,"3":1,"4":1,"5":1,"6":1,"7":0,"8":1,"9":1,"10":1,"11":1,"12":1},"f":{"0":0},"b":{"0":[0]},"meta":{"lastBranch":1,"lastFunction":1,"lastStatement":13,"seen":{"s:4:51:23:Infinity":0,"s:26:49:45:Infinity":1,"s:48:57:67:Infinity":2,"s:70:56:89:Infinity":3,"s:92:53:111:Infinity":4,"s:114:51:133:Infinity":5,"s:136:53:142:Infinity":6,"f:145:16:145:Infinity":0,"b:146:38:146:Infinity":0,"s:148:2:153:Infinity":7,"s:157:36:166:Infinity":8,"s:169:36:174:Infinity":9,"s:177:37:180:Infinity":10,"s:183:43:187:Infinity":11,"s:190:44:205:Infinity":12}}}
,"/Users/alisonaraujo/Desktop/Projetos/Aplicativos/dindin/dindin/__tests__/fixtures/users.ts": {"path":"/Users/alisonaraujo/Desktop/Projetos/Aplicativos/dindin/dindin/__tests__/fixtures/users.ts","statementMap":{"0":{"start":{"line":4,"column":32},"end":{"line":13,"column":null}},"1":{"start":{"line":16,"column":35},"end":{"line":25,"column":null}},"2":{"start":{"line":28,"column":42},"end":{"line":37,"column":null}},"3":{"start":{"line":40,"column":39},"end":{"line":44,"column":null}},"4":{"start":{"line":48,"column":2},"end":{"line":52,"column":null}},"5":{"start":{"line":56,"column":29},"end":{"line":62,"column":null}},"6":{"start":{"line":65,"column":30},"end":{"line":68,"column":null}}},"fnMap":{"0":{"name":"createMockUser","decl":{"start":{"line":47,"column":16},"end":{"line":47,"column":31}},"loc":{"start":{"line":47,"column":72},"end":{"line":53,"column":null}},"line":47}},"branchMap":{"0":{"loc":{"start":{"line":47,"column":31},"end":{"line":47,"column":72}},"type":"default-arg","locations":[{"start":{"line":47,"column":60},"end":{"line":47,"column":72}}],"line":47}},"s":{"0":1,"1":1,"2":1,"3":1,"4":0,"5":1,"6":1},"f":{"0":0},"b":{"0":[0]},"meta":{"lastBranch":1,"lastFunction":1,"lastStatement":7,"seen":{"s:4:32:13:Infinity":0,"s:16:35:25:Infinity":1,"s:28:42:37:Infinity":2,"s:40:39:44:Infinity":3,"f:47:16:47:31":0,"b:47:60:47:72":0,"s:48:2:52:Infinity":4,"s:56:29:62:Infinity":5,"s:65:30:68:Infinity":6}}}
,"/Users/alisonaraujo/Desktop/Projetos/Aplicativos/dindin/dindin/__tests__/mocks/next-api.mock.ts": {"path":"/Users/alisonaraujo/Desktop/Projetos/Aplicativos/dindin/dindin/__tests__/mocks/next-api.mock.ts","statementMap":{"0":{"start":{"line":13,"column":68},"end":{"line":13,"column":null}},"1":{"start":{"line":15,"column":17},"end":{"line":15,"column":null}},"2":{"start":{"line":16,"column":2},"end":{"line":18,"column":null}},"3":{"start":{"line":17,"column":4},"end":{"line":17,"column":null}},"4":{"start":{"line":20,"column":2},"end":{"line":28,"column":null}},"5":{"start":{"line":36,"column":2},"end":{"line":39,"column":null}},"6":{"start":{"line":44,"column":2},"end":{"line":48,"column":null}},"7":{"start":{"line":53,"column":2},"end":{"line":57,"column":null}},"8":{"start":{"line":65,"column":2},"end":{"line":68,"column":null}},"9":{"start":{"line":77,"column":15},"end":{"line":77,"column":null}},"10":{"start":{"line":78,"column":2},"end":{"line":82,"column":null}},"11":{"start":{"line":87,"column":2},"end":{"line":89,"column":null}}},"fnMap":{"0":{"name":"createMockNextRequest","decl":{"start":{"line":4,"column":16},"end":{"line":4,"column":null}},"loc":{"start":{"line":12,"column":2},"end":{"line":29,"column":null}},"line":12},"1":{"name":"(anonymous_1)","decl":{"start":{"line":16,"column":39},"end":{"line":16,"column":40}},"loc":{"start":{"line":16,"column":57},"end":{"line":18,"column":3}},"line":16},"2":{"name":"createGetRequest","decl":{"start":{"line":32,"column":16},"end":{"line":32,"column":null}},"loc":{"start":{"line":35,"column":2},"end":{"line":40,"column":null}},"line":35},"3":{"name":"createPostRequest","decl":{"start":{"line":43,"column":16},"end":{"line":43,"column":37}},"loc":{"start":{"line":43,"column":60},"end":{"line":49,"column":null}},"line":43},"4":{"name":"createPutRequest","decl":{"start":{"line":52,"column":16},"end":{"line":52,"column":36}},"loc":{"start":{"line":52,"column":59},"end":{"line":58,"column":null}},"line":52},"5":{"name":"createDeleteRequest","decl":{"start":{"line":61,"column":16},"end":{"line":61,"column":null}},"loc":{"start":{"line":64,"column":2},"end":{"line":69,"column":null}},"line":64},"6":{"name":"parseNextResponse","decl":{"start":{"line":72,"column":22},"end":{"line":72,"column":43}},"loc":{"start":{"line":76,"column":3},"end":{"line":83,"column":null}},"line":76},"7":{"name":"createMockRouteParams","decl":{"start":{"line":86,"column":16},"end":{"line":86,"column":38}},"loc":{"start":{"line":86,"column":70},"end":{"line":90,"column":null}},"line":86}},"branchMap":{"0":{"loc":{"start":{"line":5,"column":2},"end":{"line":5,"column":null}},"type":"default-arg","locations":[{"start":{"line":5,"column":16},"end":{"line":5,"column":null}}],"line":5},"1":{"loc":{"start":{"line":6,"column":2},"end":{"line":11,"column":null}},"type":"default-arg","locations":[{"start":{"line":11,"column":6},"end":{"line":11,"column":null}}],"line":6},"2":{"loc":{"start":{"line":13,"column":10},"end":{"line":13,"column":26}},"type":"default-arg","locations":[{"start":{"line":13,"column":19},"end":{"line":13,"column":26}}],"line":13},"3":{"loc":{"start":{"line":13,"column":32},"end":{"line":13,"column":46}},"type":"default-arg","locations":[{"start":{"line":13,"column":42},"end":{"line":13,"column":46}}],"line":13},"4":{"loc":{"start":{"line":13,"column":46},"end":{"line":13,"column":64}},"type":"default-arg","locations":[{"start":{"line":13,"column":61},"end":{"line":13,"column":64}}],"line":13},"5":{"loc":{"start":{"line":34,"column":2},"end":{"line":34,"column":null}},"type":"default-arg","locations":[{"start":{"line":34,"column":41},"end":{"line":34,"column":null}}],"line":34},"6":{"loc":{"start":{"line":63,"column":2},"end":{"line":63,"column":null}},"type":"default-arg","locations":[{"start":{"line":63,"column":41},"end":{"line":63,"column":null}}],"line":63}},"s":{"0":49,"1":49,"2":49,"3":15,"4":49,"5":10,"6":17,"7":12,"8":10,"9":0,"10":0,"11":0},"f":{"0":49,"1":15,"2":10,"3":17,"4":12,"5":10,"6":0,"7":0},"b":{"0":[49],"1":[49],"2":[49],"3":[49],"4":[49],"5":[10],"6":[10]},"meta":{"lastBranch":7,"lastFunction":8,"lastStatement":12,"seen":{"f:4:16:4:Infinity":0,"b:5:16:5:Infinity":0,"b:11:6:11:Infinity":1,"s:13:68:13:Infinity":0,"b:13:19:13:26":2,"b:13:42:13:46":3,"b:13:61:13:64":4,"s:15:17:15:Infinity":1,"s:16:2:18:Infinity":2,"f:16:39:16:40":1,"s:17:4:17:Infinity":3,"s:20:2:28:Infinity":4,"f:32:16:32:Infinity":2,"b:34:41:34:Infinity":5,"s:36:2:39:Infinity":5,"f:43:16:43:37":3,"s:44:2:48:Infinity":6,"f:52:16:52:36":4,"s:53:2:57:Infinity":7,"f:61:16:61:Infinity":5,"b:63:41:63:Infinity":6,"s:65:2:68:Infinity":8,"f:72:22:72:43":6,"s:77:15:77:Infinity":9,"s:78:2:82:Infinity":10,"f:86:16:86:38":7,"s:87:2:89:Infinity":11}}}
,"/Users/alisonaraujo/Desktop/Projetos/Aplicativos/dindin/dindin/__tests__/mocks/supabase.mock.ts": {"path":"/Users/alisonaraujo/Desktop/Projetos/Aplicativos/dindin/dindin/__tests__/mocks/supabase.mock.ts","statementMap":{"0":{"start":{"line":37,"column":39},"end":{"line":59,"column":null}},"1":{"start":{"line":58,"column":23},"end":{"line":58,"column":null}},"2":{"start":{"line":62,"column":2},"end":{"line":66,"column":null}},"3":{"start":{"line":63,"column":4},"end":{"line":65,"column":null}},"4":{"start":{"line":64,"column":6},"end":{"line":64,"column":null}},"5":{"start":{"line":68,"column":2},"end":{"line":68,"column":null}},"6":{"start":{"line":73,"column":25},"end":{"line":73,"column":null}},"7":{"start":{"line":75,"column":2},"end":{"line":110,"column":null}},"8":{"start":{"line":77,"column":6},"end":{"line":77,"column":null}},"9":{"start":{"line":120,"column":18},"end":{"line":124,"column":null}},"10":{"start":{"line":126,"column":2},"end":{"line":129,"column":null}},"11":{"start":{"line":127,"column":4},"end":{"line":127,"column":null}},"12":{"start":{"line":127,"column":21},"end":{"line":127,"column":null}},"13":{"start":{"line":128,"column":4},"end":{"line":128,"column":null}},"14":{"start":{"line":131,"column":2},"end":{"line":131,"column":null}},"15":{"start":{"line":139,"column":2},"end":{"line":151,"column":null}},"16":{"start":{"line":156,"column":2},"end":{"line":159,"column":null}},"17":{"start":{"line":169,"column":18},"end":{"line":172,"column":null}},"18":{"start":{"line":174,"column":2},"end":{"line":177,"column":null}},"19":{"start":{"line":175,"column":4},"end":{"line":175,"column":null}},"20":{"start":{"line":175,"column":21},"end":{"line":175,"column":null}},"21":{"start":{"line":176,"column":4},"end":{"line":176,"column":null}},"22":{"start":{"line":179,"column":2},"end":{"line":179,"column":null}}},"fnMap":{"0":{"name":"createMockQueryBuilder","decl":{"start":{"line":34,"column":16},"end":{"line":34,"column":null}},"loc":{"start":{"line":36,"column":23},"end":{"line":69,"column":null}},"line":36},"1":{"name":"(anonymous_1)","decl":{"start":{"line":58,"column":10},"end":{"line":58,"column":11}},"loc":{"start":{"line":58,"column":23},"end":{"line":58,"column":null}},"line":58},"2":{"name":"(anonymous_2)","decl":{"start":{"line":62,"column":33},"end":{"line":62,"column":34}},"loc":{"start":{"line":62,"column":41},"end":{"line":66,"column":3}},"line":62},"3":{"name":"createMockSupabaseClient","decl":{"start":{"line":72,"column":16},"end":{"line":72,"column":41}},"loc":{"start":{"line":72,"column":91},"end":{"line":111,"column":null}},"line":72},"4":{"name":"(anonymous_4)","decl":{"start":{"line":76,"column":16},"end":{"line":76,"column":17}},"loc":{"start":{"line":76,"column":35},"end":{"line":78,"column":5}},"line":76},"5":{"name":"mockQueryResponse","decl":{"start":{"line":114,"column":16},"end":{"line":114,"column":null}},"loc":{"start":{"line":119,"column":2},"end":{"line":132,"column":null}},"line":119},"6":{"name":"(anonymous_6)","decl":{"start":{"line":126,"column":33},"end":{"line":126,"column":34}},"loc":{"start":{"line":126,"column":48},"end":{"line":129,"column":3}},"line":126},"7":{"name":"mockAuthenticatedUser","decl":{"start":{"line":135,"column":16},"end":{"line":135,"column":null}},"loc":{"start":{"line":138,"column":2},"end":{"line":152,"column":null}},"line":138},"8":{"name":"mockUnauthenticated","decl":{"start":{"line":155,"column":16},"end":{"line":155,"column":36}},"loc":{"start":{"line":155,"column":89},"end":{"line":160,"column":null}},"line":155},"9":{"name":"mockDatabaseError","decl":{"start":{"line":163,"column":16},"end":{"line":163,"column":null}},"loc":{"start":{"line":168,"column":2},"end":{"line":180,"column":null}},"line":168},"10":{"name":"(anonymous_10)","decl":{"start":{"line":174,"column":33},"end":{"line":174,"column":34}},"loc":{"start":{"line":174,"column":48},"end":{"line":177,"column":3}},"line":174}},"branchMap":{"0":{"loc":{"start":{"line":35,"column":2},"end":{"line":35,"column":null}},"type":"default-arg","locations":[{"start":{"line":35,"column":38},"end":{"line":35,"column":null}}],"line":35},"1":{"loc":{"start":{"line":63,"column":4},"end":{"line":65,"column":null}},"type":"if","locations":[{"start":{"line":63,"column":4},"end":{"line":65,"column":null}},{"start":{},"end":{}}],"line":63},"2":{"loc":{"start":{"line":63,"column":8},"end":{"line":63,"column":112}},"type":"binary-expr","locations":[{"start":{"line":63,"column":8},"end":{"line":63,"column":36}},{"start":{"line":63,"column":36},"end":{"line":63,"column":61}},{"start":{"line":63,"column":61},"end":{"line":63,"column":91}},{"start":{"line":63,"column":91},"end":{"line":63,"column":112}}],"line":63},"3":{"loc":{"start":{"line":72,"column":41},"end":{"line":72,"column":91}},"type":"default-arg","locations":[{"start":{"line":72,"column":87},"end":{"line":72,"column":91}}],"line":72},"4":{"loc":{"start":{"line":77,"column":13},"end":{"line":77,"column":null}},"type":"binary-expr","locations":[{"start":{"line":77,"column":13},"end":{"line":77,"column":33}},{"start":{"line":77,"column":33},"end":{"line":77,"column":null}}],"line":77},"5":{"loc":{"start":{"line":118,"column":2},"end":{"line":118,"column":null}},"type":"default-arg","locations":[{"start":{"line":118,"column":52},"end":{"line":118,"column":null}}],"line":118},"6":{"loc":{"start":{"line":123,"column":11},"end":{"line":123,"column":null}},"type":"cond-expr","locations":[{"start":{"line":123,"column":33},"end":{"line":123,"column":47}},{"start":{"line":123,"column":47},"end":{"line":123,"column":null}}],"line":123},"7":{"loc":{"start":{"line":123,"column":47},"end":{"line":123,"column":null}},"type":"cond-expr","locations":[{"start":{"line":123,"column":54},"end":{"line":123,"column":58}},{"start":{"line":123,"column":58},"end":{"line":123,"column":null}}],"line":123},"8":{"loc":{"start":{"line":127,"column":4},"end":{"line":127,"column":null}},"type":"if","locations":[{"start":{"line":127,"column":4},"end":{"line":127,"column":null}},{"start":{},"end":{}}],"line":127},"9":{"loc":{"start":{"line":166,"column":2},"end":{"line":166,"column":null}},"type":"default-arg","locations":[{"start":{"line":166,"column":22},"end":{"line":166,"column":null}}],"line":166},"10":{"loc":{"start":{"line":167,"column":2},"end":{"line":167,"column":null}},"type":"default-arg","locations":[{"start":{"line":167,"column":25},"end":{"line":167,"column":null}}],"line":167},"11":{"loc":{"start":{"line":175,"column":4},"end":{"line":175,"column":null}},"type":"if","locations":[{"start":{"line":175,"column":4},"end":{"line":175,"column":null}},{"start":{},"end":{}}],"line":175}},"s":{"0":54,"1":0,"2":54,"3":1134,"4":972,"5":54,"6":54,"7":54,"8":0,"9":0,"10":0,"11":0,"12":0,"13":0,"14":0,"15":0,"16":0,"17":0,"18":0,"19":0,"20":0,"21":0,"22":0},"f":{"0":54,"1":0,"2":1134,"3":54,"4":0,"5":0,"6":0,"7":0,"8":0,"9":0,"10":0},"b":{"0":[54],"1":[972,162],"2":[1134,1134,1080,1026],"3":[54],"4":[0,0],"5":[0],"6":[0,0],"7":[0,0],"8":[0,0],"9":[0],"10":[0],"11":[0,0]},"meta":{"lastBranch":12,"lastFunction":11,"lastStatement":23,"seen":{"f:34:16:34:Infinity":0,"b:35:38:35:Infinity":0,"s:37:39:59:Infinity":0,"f:58:10:58:11":1,"s:58:23:58:Infinity":1,"s:62:2:66:Infinity":2,"f:62:33:62:34":2,"b:63:4:65:Infinity:undefined:undefined:undefined:undefined":1,"s:63:4:65:Infinity":3,"b:63:8:63:36:63:36:63:61:63:61:63:91:63:91:63:112":2,"s:64:6:64:Infinity":4,"s:68:2:68:Infinity":5,"f:72:16:72:41":3,"b:72:87:72:91":3,"s:73:25:73:Infinity":6,"s:75:2:110:Infinity":7,"f:76:16:76:17":4,"s:77:6:77:Infinity":8,"b:77:13:77:33:77:33:77:Infinity":4,"f:114:16:114:Infinity":5,"b:118:52:118:Infinity":5,"s:120:18:124:Infinity":9,"b:123:33:123:47:123:47:123:Infinity":6,"b:123:54:123:58:123:58:123:Infinity":7,"s:126:2:129:Infinity":10,"f:126:33:126:34":6,"b:127:4:127:Infinity:undefined:undefined:undefined:undefined":8,"s:127:4:127:Infinity":11,"s:127:21:127:Infinity":12,"s:128:4:128:Infinity":13,"s:131:2:131:Infinity":14,"f:135:16:135:Infinity":7,"s:139:2:151:Infinity":15,"f:155:16:155:36":8,"s:156:2:159:Infinity":16,"f:163:16:163:Infinity":9,"b:166:22:166:Infinity":9,"b:167:25:167:Infinity":10,"s:169:18:172:Infinity":17,"s:174:2:177:Infinity":18,"f:174:33:174:34":10,"b:175:4:175:Infinity:undefined:undefined:undefined:undefined":11,"s:175:4:175:Infinity":19,"s:175:21:175:Infinity":20,"s:176:4:176:Infinity":21,"s:179:2:179:Infinity":22}}}
,"/Users/alisonaraujo/Desktop/Projetos/Aplicativos/dindin/dindin/app/api/contas/route.ts": {"path":"/Users/alisonaraujo/Desktop/Projetos/Aplicativos/dindin/dindin/app/api/contas/route.ts","statementMap":{"0":{"start":{"line":8,"column":2},"end":{"line":115,"column":null}},"1":{"start":{"line":9,"column":17},"end":{"line":9,"column":null}},"2":{"start":{"line":10,"column":4},"end":{"line":10,"column":null}},"3":{"start":{"line":10,"column":20},"end":{"line":10,"column":null}},"4":{"start":{"line":12,"column":21},"end":{"line":12,"column":null}},"5":{"start":{"line":13,"column":29},"end":{"line":13,"column":null}},"6":{"start":{"line":14,"column":18},"end":{"line":14,"column":null}},"7":{"start":{"line":15,"column":17},"end":{"line":15,"column":null}},"8":{"start":{"line":18,"column":16},"end":{"line":21,"column":null}},"9":{"start":{"line":23,"column":4},"end":{"line":25,"column":null}},"10":{"start":{"line":24,"column":6},"end":{"line":24,"column":null}},"11":{"start":{"line":26,"column":4},"end":{"line":28,"column":null}},"12":{"start":{"line":27,"column":6},"end":{"line":27,"column":null}},"13":{"start":{"line":30,"column":4},"end":{"line":32,"column":null}},"14":{"start":{"line":34,"column":38},"end":{"line":34,"column":null}},"15":{"start":{"line":36,"column":4},"end":{"line":36,"column":null}},"16":{"start":{"line":36,"column":15},"end":{"line":36,"column":null}},"17":{"start":{"line":38,"column":4},"end":{"line":43,"column":null}},"18":{"start":{"line":39,"column":6},"end":{"line":42,"column":null}},"19":{"start":{"line":46,"column":23},"end":{"line":46,"column":null}},"20":{"start":{"line":46,"column":41},"end":{"line":46,"column":45}},"21":{"start":{"line":48,"column":54},"end":{"line":51,"column":null}},"22":{"start":{"line":53,"column":4},"end":{"line":53,"column":null}},"23":{"start":{"line":53,"column":17},"end":{"line":53,"column":null}},"24":{"start":{"line":56,"column":10},"end":{"line":65,"column":null}},"25":{"start":{"line":57,"column":6},"end":{"line":59,"column":null}},"26":{"start":{"line":58,"column":8},"end":{"line":58,"column":null}},"27":{"start":{"line":60,"column":20},"end":{"line":60,"column":null}},"28":{"start":{"line":61,"column":6},"end":{"line":63,"column":null}},"29":{"start":{"line":62,"column":8},"end":{"line":62,"column":null}},"30":{"start":{"line":64,"column":6},"end":{"line":64,"column":null}},"31":{"start":{"line":68,"column":32},"end":{"line":85,"column":null}},"32":{"start":{"line":69,"column":27},"end":{"line":69,"column":null}},"33":{"start":{"line":71,"column":28},"end":{"line":71,"column":null}},"34":{"start":{"line":72,"column":6},"end":{"line":79,"column":null}},"35":{"start":{"line":73,"column":22},"end":{"line":73,"column":null}},"36":{"start":{"line":74,"column":8},"end":{"line":78,"column":null}},"37":{"start":{"line":75,"column":10},"end":{"line":75,"column":null}},"38":{"start":{"line":76,"column":8},"end":{"line":78,"column":null}},"39":{"start":{"line":77,"column":10},"end":{"line":77,"column":null}},"40":{"start":{"line":81,"column":6},"end":{"line":84,"column":null}},"41":{"start":{"line":88,"column":19},"end":{"line":100,"column":null}},"42":{"start":{"line":90,"column":8},"end":{"line":96,"column":null}},"43":{"start":{"line":91,"column":10},"end":{"line":95,"column":null}},"44":{"start":{"line":92,"column":12},"end":{"line":92,"column":null}},"45":{"start":{"line":94,"column":12},"end":{"line":94,"column":null}},"46":{"start":{"line":97,"column":8},"end":{"line":97,"column":null}},"47":{"start":{"line":102,"column":4},"end":{"line":108,"column":null}},"48":{"start":{"line":110,"column":4},"end":{"line":110,"column":null}},"49":{"start":{"line":111,"column":4},"end":{"line":114,"column":null}},"50":{"start":{"line":120,"column":2},"end":{"line":168,"column":null}},"51":{"start":{"line":121,"column":17},"end":{"line":121,"column":null}},"52":{"start":{"line":122,"column":4},"end":{"line":122,"column":null}},"53":{"start":{"line":122,"column":20},"end":{"line":122,"column":null}},"54":{"start":{"line":124,"column":17},"end":{"line":124,"column":null}},"55":{"start":{"line":125,"column":21},"end":{"line":125,"column":null}},"56":{"start":{"line":127,"column":60},"end":{"line":127,"column":null}},"57":{"start":{"line":130,"column":4},"end":{"line":135,"column":null}},"58":{"start":{"line":131,"column":6},"end":{"line":134,"column":null}},"59":{"start":{"line":137,"column":4},"end":{"line":142,"column":null}},"60":{"start":{"line":138,"column":6},"end":{"line":141,"column":null}},"61":{"start":{"line":144,"column":37},"end":{"line":157,"column":null}},"62":{"start":{"line":159,"column":4},"end":{"line":159,"column":null}},"63":{"start":{"line":159,"column":15},"end":{"line":159,"column":null}},"64":{"start":{"line":161,"column":4},"end":{"line":161,"column":null}},"65":{"start":{"line":163,"column":4},"end":{"line":163,"column":null}},"66":{"start":{"line":164,"column":4},"end":{"line":167,"column":null}},"67":{"start":{"line":173,"column":2},"end":{"line":230,"column":null}},"68":{"start":{"line":174,"column":17},"end":{"line":174,"column":null}},"69":{"start":{"line":175,"column":4},"end":{"line":175,"column":null}},"70":{"start":{"line":175,"column":20},"end":{"line":175,"column":null}},"71":{"start":{"line":177,"column":17},"end":{"line":177,"column":null}},"72":{"start":{"line":178,"column":21},"end":{"line":178,"column":null}},"73":{"start":{"line":180,"column":71},"end":{"line":180,"column":null}},"74":{"start":{"line":182,"column":4},"end":{"line":187,"column":null}},"75":{"start":{"line":183,"column":6},"end":{"line":186,"column":null}},"76":{"start":{"line":190,"column":38},"end":{"line":195,"column":null}},"77":{"start":{"line":197,"column":4},"end":{"line":202,"column":null}},"78":{"start":{"line":198,"column":6},"end":{"line":201,"column":null}},"79":{"start":{"line":204,"column":48},"end":{"line":204,"column":null}},"80":{"start":{"line":205,"column":4},"end":{"line":205,"column":null}},"81":{"start":{"line":205,"column":28},"end":{"line":205,"column":null}},"82":{"start":{"line":206,"column":4},"end":{"line":206,"column":null}},"83":{"start":{"line":206,"column":28},"end":{"line":206,"column":null}},"84":{"start":{"line":207,"column":4},"end":{"line":207,"column":null}},"85":{"start":{"line":207,"column":29},"end":{"line":207,"column":null}},"86":{"start":{"line":208,"column":4},"end":{"line":208,"column":null}},"87":{"start":{"line":208,"column":36},"end":{"line":208,"column":null}},"88":{"start":{"line":209,"column":4},"end":{"line":209,"column":null}},"89":{"start":{"line":209,"column":27},"end":{"line":209,"column":null}},"90":{"start":{"line":210,"column":4},"end":{"line":210,"column":null}},"91":{"start":{"line":210,"column":29},"end":{"line":210,"column":null}},"92":{"start":{"line":211,"column":4},"end":{"line":211,"column":null}},"93":{"start":{"line":211,"column":29},"end":{"line":211,"column":null}},"94":{"start":{"line":213,"column":37},"end":{"line":219,"column":null}},"95":{"start":{"line":221,"column":4},"end":{"line":221,"column":null}},"96":{"start":{"line":221,"column":15},"end":{"line":221,"column":null}},"97":{"start":{"line":223,"column":4},"end":{"line":223,"column":null}},"98":{"start":{"line":225,"column":4},"end":{"line":225,"column":null}},"99":{"start":{"line":226,"column":4},"end":{"line":229,"column":null}},"100":{"start":{"line":235,"column":2},"end":{"line":306,"column":null}},"101":{"start":{"line":236,"column":17},"end":{"line":236,"column":null}},"102":{"start":{"line":237,"column":4},"end":{"line":237,"column":null}},"103":{"start":{"line":237,"column":20},"end":{"line":237,"column":null}},"104":{"start":{"line":239,"column":29},"end":{"line":239,"column":null}},"105":{"start":{"line":240,"column":15},"end":{"line":240,"column":null}},"106":{"start":{"line":241,"column":18},"end":{"line":241,"column":null}},"107":{"start":{"line":243,"column":4},"end":{"line":248,"column":null}},"108":{"start":{"line":244,"column":6},"end":{"line":247,"column":null}},"109":{"start":{"line":250,"column":21},"end":{"line":250,"column":null}},"110":{"start":{"line":253,"column":38},"end":{"line":258,"column":null}},"111":{"start":{"line":260,"column":4},"end":{"line":265,"column":null}},"112":{"start":{"line":261,"column":6},"end":{"line":264,"column":null}},"113":{"start":{"line":268,"column":22},"end":{"line":271,"column":null}},"114":{"start":{"line":273,"column":4},"end":{"line":288,"column":null}},"115":{"start":{"line":275,"column":24},"end":{"line":279,"column":null}},"116":{"start":{"line":281,"column":6},"end":{"line":281,"column":null}},"117":{"start":{"line":281,"column":17},"end":{"line":281,"column":null}},"118":{"start":{"line":283,"column":6},"end":{"line":287,"column":null}},"119":{"start":{"line":291,"column":22},"end":{"line":295,"column":null}},"120":{"start":{"line":297,"column":4},"end":{"line":297,"column":null}},"121":{"start":{"line":297,"column":15},"end":{"line":297,"column":null}},"122":{"start":{"line":299,"column":4},"end":{"line":299,"column":null}},"123":{"start":{"line":301,"column":4},"end":{"line":301,"column":null}},"124":{"start":{"line":302,"column":4},"end":{"line":305,"column":null}}},"fnMap":{"0":{"name":"GET","decl":{"start":{"line":7,"column":22},"end":{"line":7,"column":26}},"loc":{"start":{"line":7,"column":48},"end":{"line":116,"column":null}},"line":7},"1":{"name":"(anonymous_1)","decl":{"start":{"line":46,"column":36},"end":{"line":46,"column":41}},"loc":{"start":{"line":46,"column":41},"end":{"line":46,"column":45}},"line":46},"2":{"name":"(anonymous_2)","decl":{"start":{"line":56,"column":65},"end":{"line":56,"column":66}},"loc":{"start":{"line":56,"column":78},"end":{"line":65,"column":7}},"line":56},"3":{"name":"(anonymous_3)","decl":{"start":{"line":68,"column":45},"end":{"line":68,"column":46}},"loc":{"start":{"line":68,"column":58},"end":{"line":85,"column":5}},"line":68},"4":{"name":"(anonymous_4)","decl":{"start":{"line":72,"column":27},"end":{"line":72,"column":28}},"loc":{"start":{"line":72,"column":34},"end":{"line":79,"column":7}},"line":72},"5":{"name":"(anonymous_5)","decl":{"start":{"line":89,"column":6},"end":{"line":89,"column":7}},"loc":{"start":{"line":89,"column":24},"end":{"line":98,"column":null}},"line":89},"6":{"name":"POST","decl":{"start":{"line":119,"column":22},"end":{"line":119,"column":27}},"loc":{"start":{"line":119,"column":49},"end":{"line":169,"column":null}},"line":119},"7":{"name":"PUT","decl":{"start":{"line":172,"column":22},"end":{"line":172,"column":26}},"loc":{"start":{"line":172,"column":48},"end":{"line":231,"column":null}},"line":172},"8":{"name":"DELETE","decl":{"start":{"line":234,"column":22},"end":{"line":234,"column":29}},"loc":{"start":{"line":234,"column":51},"end":{"line":307,"column":null}},"line":234}},"branchMap":{"0":{"loc":{"start":{"line":10,"column":4},"end":{"line":10,"column":null}},"type":"if","locations":[{"start":{"line":10,"column":4},"end":{"line":10,"column":null}},{"start":{},"end":{}}],"line":10},"1":{"loc":{"start":{"line":23,"column":4},"end":{"line":25,"column":null}},"type":"if","locations":[{"start":{"line":23,"column":4},"end":{"line":25,"column":null}},{"start":{},"end":{}}],"line":23},"2":{"loc":{"start":{"line":23,"column":8},"end":{"line":23,"column":47}},"type":"binary-expr","locations":[{"start":{"line":23,"column":8},"end":{"line":23,"column":26}},{"start":{"line":23,"column":26},"end":{"line":23,"column":47}}],"line":23},"3":{"loc":{"start":{"line":26,"column":4},"end":{"line":28,"column":null}},"type":"if","locations":[{"start":{"line":26,"column":4},"end":{"line":28,"column":null}},{"start":{},"end":{}}],"line":26},"4":{"loc":{"start":{"line":36,"column":4},"end":{"line":36,"column":null}},"type":"if","locations":[{"start":{"line":36,"column":4},"end":{"line":36,"column":null}},{"start":{},"end":{}}],"line":36},"5":{"loc":{"start":{"line":38,"column":4},"end":{"line":43,"column":null}},"type":"if","locations":[{"start":{"line":38,"column":4},"end":{"line":43,"column":null}},{"start":{},"end":{}}],"line":38},"6":{"loc":{"start":{"line":38,"column":8},"end":{"line":38,"column":44}},"type":"binary-expr","locations":[{"start":{"line":38,"column":8},"end":{"line":38,"column":21}},{"start":{"line":38,"column":21},"end":{"line":38,"column":44}}],"line":38},"7":{"loc":{"start":{"line":53,"column":4},"end":{"line":53,"column":null}},"type":"if","locations":[{"start":{"line":53,"column":4},"end":{"line":53,"column":null}},{"start":{},"end":{}}],"line":53},"8":{"loc":{"start":{"line":56,"column":35},"end":{"line":56,"column":58}},"type":"binary-expr","locations":[{"start":{"line":56,"column":35},"end":{"line":56,"column":54}},{"start":{"line":56,"column":54},"end":{"line":56,"column":58}}],"line":56},"9":{"loc":{"start":{"line":57,"column":6},"end":{"line":59,"column":null}},"type":"if","locations":[{"start":{"line":57,"column":6},"end":{"line":59,"column":null}},{"start":{},"end":{}}],"line":57},"10":{"loc":{"start":{"line":61,"column":6},"end":{"line":63,"column":null}},"type":"if","locations":[{"start":{"line":61,"column":6},"end":{"line":63,"column":null}},{"start":{},"end":{}}],"line":61},"11":{"loc":{"start":{"line":69,"column":27},"end":{"line":69,"column":null}},"type":"binary-expr","locations":[{"start":{"line":69,"column":27},"end":{"line":69,"column":64}},{"start":{"line":69,"column":64},"end":{"line":69,"column":null}}],"line":69},"12":{"loc":{"start":{"line":73,"column":22},"end":{"line":73,"column":null}},"type":"binary-expr","locations":[{"start":{"line":73,"column":22},"end":{"line":73,"column":41}},{"start":{"line":73,"column":41},"end":{"line":73,"column":null}}],"line":73},"13":{"loc":{"start":{"line":74,"column":8},"end":{"line":78,"column":null}},"type":"if","locations":[{"start":{"line":74,"column":8},"end":{"line":78,"column":null}},{"start":{"line":76,"column":8},"end":{"line":78,"column":null}}],"line":74},"14":{"loc":{"start":{"line":76,"column":8},"end":{"line":78,"column":null}},"type":"if","locations":[{"start":{"line":76,"column":8},"end":{"line":78,"column":null}},{"start":{},"end":{}}],"line":76},"15":{"loc":{"start":{"line":83,"column":21},"end":{"line":83,"column":51}},"type":"binary-expr","locations":[{"start":{"line":83,"column":21},"end":{"line":83,"column":46}},{"start":{"line":83,"column":46},"end":{"line":83,"column":51}}],"line":83},"16":{"loc":{"start":{"line":90,"column":8},"end":{"line":96,"column":null}},"type":"if","locations":[{"start":{"line":90,"column":8},"end":{"line":96,"column":null}},{"start":{},"end":{}}],"line":90},"17":{"loc":{"start":{"line":91,"column":10},"end":{"line":95,"column":null}},"type":"if","locations":[{"start":{"line":91,"column":10},"end":{"line":95,"column":null}},{"start":{"line":93,"column":17},"end":{"line":95,"column":null}}],"line":91},"18":{"loc":{"start":{"line":122,"column":4},"end":{"line":122,"column":null}},"type":"if","locations":[{"start":{"line":122,"column":4},"end":{"line":122,"column":null}},{"start":{},"end":{}}],"line":122},"19":{"loc":{"start":{"line":130,"column":4},"end":{"line":135,"column":null}},"type":"if","locations":[{"start":{"line":130,"column":4},"end":{"line":135,"column":null}},{"start":{},"end":{}}],"line":130},"20":{"loc":{"start":{"line":137,"column":4},"end":{"line":142,"column":null}},"type":"if","locations":[{"start":{"line":137,"column":4},"end":{"line":142,"column":null}},{"start":{},"end":{}}],"line":137},"21":{"loc":{"start":{"line":150,"column":15},"end":{"line":150,"column":null}},"type":"binary-expr","locations":[{"start":{"line":150,"column":15},"end":{"line":150,"column":24}},{"start":{"line":150,"column":24},"end":{"line":150,"column":null}}],"line":150},"22":{"loc":{"start":{"line":151,"column":15},"end":{"line":151,"column":null}},"type":"binary-expr","locations":[{"start":{"line":151,"column":15},"end":{"line":151,"column":31}},{"start":{"line":151,"column":31},"end":{"line":151,"column":null}}],"line":151},"23":{"loc":{"start":{"line":152,"column":13},"end":{"line":152,"column":null}},"type":"binary-expr","locations":[{"start":{"line":152,"column":13},"end":{"line":152,"column":20}},{"start":{"line":152,"column":20},"end":{"line":152,"column":null}}],"line":152},"24":{"loc":{"start":{"line":153,"column":15},"end":{"line":153,"column":null}},"type":"binary-expr","locations":[{"start":{"line":153,"column":15},"end":{"line":153,"column":24}},{"start":{"line":153,"column":24},"end":{"line":153,"column":null}}],"line":153},"25":{"loc":{"start":{"line":159,"column":4},"end":{"line":159,"column":null}},"type":"if","locations":[{"start":{"line":159,"column":4},"end":{"line":159,"column":null}},{"start":{},"end":{}}],"line":159},"26":{"loc":{"start":{"line":175,"column":4},"end":{"line":175,"column":null}},"type":"if","locations":[{"start":{"line":175,"column":4},"end":{"line":175,"column":null}},{"start":{},"end":{}}],"line":175},"27":{"loc":{"start":{"line":182,"column":4},"end":{"line":187,"column":null}},"type":"if","locations":[{"start":{"line":182,"column":4},"end":{"line":187,"column":null}},{"start":{},"end":{}}],"line":182},"28":{"loc":{"start":{"line":197,"column":4},"end":{"line":202,"column":null}},"type":"if","locations":[{"start":{"line":197,"column":4},"end":{"line":202,"column":null}},{"start":{},"end":{}}],"line":197},"29":{"loc":{"start":{"line":205,"column":4},"end":{"line":205,"column":null}},"type":"if","locations":[{"start":{"line":205,"column":4},"end":{"line":205,"column":null}},{"start":{},"end":{}}],"line":205},"30":{"loc":{"start":{"line":206,"column":4},"end":{"line":206,"column":null}},"type":"if","locations":[{"start":{"line":206,"column":4},"end":{"line":206,"column":null}},{"start":{},"end":{}}],"line":206},"31":{"loc":{"start":{"line":207,"column":4},"end":{"line":207,"column":null}},"type":"if","locations":[{"start":{"line":207,"column":4},"end":{"line":207,"column":null}},{"start":{},"end":{}}],"line":207},"32":{"loc":{"start":{"line":208,"column":4},"end":{"line":208,"column":null}},"type":"if","locations":[{"start":{"line":208,"column":4},"end":{"line":208,"column":null}},{"start":{},"end":{}}],"line":208},"33":{"loc":{"start":{"line":209,"column":4},"end":{"line":209,"column":null}},"type":"if","locations":[{"start":{"line":209,"column":4},"end":{"line":209,"column":null}},{"start":{},"end":{}}],"line":209},"34":{"loc":{"start":{"line":210,"column":4},"end":{"line":210,"column":null}},"type":"if","locations":[{"start":{"line":210,"column":4},"end":{"line":210,"column":null}},{"start":{},"end":{}}],"line":210},"35":{"loc":{"start":{"line":211,"column":4},"end":{"line":211,"column":null}},"type":"if","locations":[{"start":{"line":211,"column":4},"end":{"line":211,"column":null}},{"start":{},"end":{}}],"line":211},"36":{"loc":{"start":{"line":221,"column":4},"end":{"line":221,"column":null}},"type":"if","locations":[{"start":{"line":221,"column":4},"end":{"line":221,"column":null}},{"start":{},"end":{}}],"line":221},"37":{"loc":{"start":{"line":237,"column":4},"end":{"line":237,"column":null}},"type":"if","locations":[{"start":{"line":237,"column":4},"end":{"line":237,"column":null}},{"start":{},"end":{}}],"line":237},"38":{"loc":{"start":{"line":243,"column":4},"end":{"line":248,"column":null}},"type":"if","locations":[{"start":{"line":243,"column":4},"end":{"line":248,"column":null}},{"start":{},"end":{}}],"line":243},"39":{"loc":{"start":{"line":260,"column":4},"end":{"line":265,"column":null}},"type":"if","locations":[{"start":{"line":260,"column":4},"end":{"line":265,"column":null}},{"start":{},"end":{}}],"line":260},"40":{"loc":{"start":{"line":273,"column":4},"end":{"line":288,"column":null}},"type":"if","locations":[{"start":{"line":273,"column":4},"end":{"line":288,"column":null}},{"start":{},"end":{}}],"line":273},"41":{"loc":{"start":{"line":273,"column":8},"end":{"line":273,"column":38}},"type":"binary-expr","locations":[{"start":{"line":273,"column":8},"end":{"line":273,"column":17}},{"start":{"line":273,"column":17},"end":{"line":273,"column":30}},{"start":{"line":273,"column":30},"end":{"line":273,"column":38}}],"line":273},"42":{"loc":{"start":{"line":281,"column":6},"end":{"line":281,"column":null}},"type":"if","locations":[{"start":{"line":281,"column":6},"end":{"line":281,"column":null}},{"start":{},"end":{}}],"line":281},"43":{"loc":{"start":{"line":297,"column":4},"end":{"line":297,"column":null}},"type":"if","locations":[{"start":{"line":297,"column":4},"end":{"line":297,"column":null}},{"start":{},"end":{}}],"line":297}},"s":{"0":5,"1":5,"2":5,"3":1,"4":4,"5":4,"6":4,"7":4,"8":4,"9":4,"10":1,"11":4,"12":1,"13":4,"14":4,"15":4,"16":0,"17":4,"18":1,"19":3,"20":6,"21":3,"22":3,"23":0,"24":3,"25":2,"26":1,"27":2,"28":2,"29":2,"30":2,"31":5,"32":6,"33":6,"34":6,"35":2,"36":2,"37":1,"38":1,"39":1,"40":6,"41":5,"42":6,"43":6,"44":1,"45":5,"46":6,"47":5,"48":0,"49":0,"50":4,"51":4,"52":4,"53":1,"54":3,"55":3,"56":3,"57":3,"58":1,"59":2,"60":1,"61":1,"62":1,"63":0,"64":1,"65":0,"66":0,"67":4,"68":4,"69":4,"70":1,"71":3,"72":3,"73":3,"74":3,"75":1,"76":2,"77":2,"78":1,"79":1,"80":1,"81":1,"82":1,"83":0,"84":1,"85":0,"86":1,"87":0,"88":1,"89":0,"90":1,"91":0,"92":1,"93":0,"94":1,"95":1,"96":0,"97":1,"98":0,"99":0,"100":6,"101":6,"102":6,"103":1,"104":5,"105":5,"106":5,"107":5,"108":1,"109":4,"110":4,"111":4,"112":1,"113":3,"114":3,"115":1,"116":1,"117":0,"118":1,"119":2,"120":2,"121":0,"122":2,"123":0,"124":0},"f":{"0":5,"1":6,"2":2,"3":6,"4":2,"5":6,"6":4,"7":4,"8":6},"b":{"0":[1,4],"1":[1,3],"2":[4,1],"3":[1,3],"4":[0,4],"5":[1,3],"6":[4,4],"7":[0,3],"8":[3,0],"9":[1,1],"10":[2,0],"11":[6,5],"12":[2,0],"13":[1,1],"14":[1,0],"15":[6,0],"16":[6,0],"17":[1,5],"18":[1,3],"19":[1,2],"20":[1,1],"21":[1,0],"22":[4,0],"23":[4,0],"24":[4,1],"25":[0,1],"26":[1,3],"27":[1,2],"28":[1,1],"29":[1,0],"30":[0,1],"31":[0,1],"32":[0,1],"33":[0,1],"34":[0,1],"35":[0,1],"36":[0,1],"37":[1,5],"38":[1,4],"39":[1,3],"40":[1,2],"41":[3,2,2],"42":[0,1],"43":[0,2]},"meta":{"lastBranch":44,"lastFunction":9,"lastStatement":125,"seen":{"f:7:22:7:26":0,"s:8:2:115:Infinity":0,"s:9:17:9:Infinity":1,"b:10:4:10:Infinity:undefined:undefined:undefined:undefined":0,"s:10:4:10:Infinity":2,"s:10:20:10:Infinity":3,"s:12:21:12:Infinity":4,"s:13:29:13:Infinity":5,"s:14:18:14:Infinity":6,"s:15:17:15:Infinity":7,"s:18:16:21:Infinity":8,"b:23:4:25:Infinity:undefined:undefined:undefined:undefined":1,"s:23:4:25:Infinity":9,"b:23:8:23:26:23:26:23:47":2,"s:24:6:24:Infinity":10,"b:26:4:28:Infinity:undefined:undefined:undefined:undefined":3,"s:26:4:28:Infinity":11,"s:27:6:27:Infinity":12,"s:30:4:32:Infinity":13,"s:34:38:34:Infinity":14,"b:36:4:36:Infinity:undefined:undefined:undefined:undefined":4,"s:36:4:36:Infinity":15,"s:36:15:36:Infinity":16,"b:38:4:43:Infinity:undefined:undefined:undefined:undefined":5,"s:38:4:43:Infinity":17,"b:38:8:38:21:38:21:38:44":6,"s:39:6:42:Infinity":18,"s:46:23:46:Infinity":19,"f:46:36:46:41":1,"s:46:41:46:45":20,"s:48:54:51:Infinity":21,"b:53:4:53:Infinity:undefined:undefined:undefined:undefined":7,"s:53:4:53:Infinity":22,"s:53:17:53:Infinity":23,"s:56:10:65:Infinity":24,"b:56:35:56:54:56:54:56:58":8,"f:56:65:56:66":2,"b:57:6:59:Infinity:undefined:undefined:undefined:undefined":9,"s:57:6:59:Infinity":25,"s:58:8:58:Infinity":26,"s:60:20:60:Infinity":27,"b:61:6:63:Infinity:undefined:undefined:undefined:undefined":10,"s:61:6:63:Infinity":28,"s:62:8:62:Infinity":29,"s:64:6:64:Infinity":30,"s:68:32:85:Infinity":31,"f:68:45:68:46":3,"s:69:27:69:Infinity":32,"b:69:27:69:64:69:64:69:Infinity":11,"s:71:28:71:Infinity":33,"s:72:6:79:Infinity":34,"f:72:27:72:28":4,"s:73:22:73:Infinity":35,"b:73:22:73:41:73:41:73:Infinity":12,"b:74:8:78:Infinity:76:8:78:Infinity":13,"s:74:8:78:Infinity":36,"s:75:10:75:Infinity":37,"b:76:8:78:Infinity:undefined:undefined:undefined:undefined":14,"s:76:8:78:Infinity":38,"s:77:10:77:Infinity":39,"s:81:6:84:Infinity":40,"b:83:21:83:46:83:46:83:51":15,"s:88:19:100:Infinity":41,"f:89:6:89:7":5,"b:90:8:96:Infinity:undefined:undefined:undefined:undefined":16,"s:90:8:96:Infinity":42,"b:91:10:95:Infinity:93:17:95:Infinity":17,"s:91:10:95:Infinity":43,"s:92:12:92:Infinity":44,"s:94:12:94:Infinity":45,"s:97:8:97:Infinity":46,"s:102:4:108:Infinity":47,"s:110:4:110:Infinity":48,"s:111:4:114:Infinity":49,"f:119:22:119:27":6,"s:120:2:168:Infinity":50,"s:121:17:121:Infinity":51,"b:122:4:122:Infinity:undefined:undefined:undefined:undefined":18,"s:122:4:122:Infinity":52,"s:122:20:122:Infinity":53,"s:124:17:124:Infinity":54,"s:125:21:125:Infinity":55,"s:127:60:127:Infinity":56,"b:130:4:135:Infinity:undefined:undefined:undefined:undefined":19,"s:130:4:135:Infinity":57,"s:131:6:134:Infinity":58,"b:137:4:142:Infinity:undefined:undefined:undefined:undefined":20,"s:137:4:142:Infinity":59,"s:138:6:141:Infinity":60,"s:144:37:157:Infinity":61,"b:150:15:150:24:150:24:150:Infinity":21,"b:151:15:151:31:151:31:151:Infinity":22,"b:152:13:152:20:152:20:152:Infinity":23,"b:153:15:153:24:153:24:153:Infinity":24,"b:159:4:159:Infinity:undefined:undefined:undefined:undefined":25,"s:159:4:159:Infinity":62,"s:159:15:159:Infinity":63,"s:161:4:161:Infinity":64,"s:163:4:163:Infinity":65,"s:164:4:167:Infinity":66,"f:172:22:172:26":7,"s:173:2:230:Infinity":67,"s:174:17:174:Infinity":68,"b:175:4:175:Infinity:undefined:undefined:undefined:undefined":26,"s:175:4:175:Infinity":69,"s:175:20:175:Infinity":70,"s:177:17:177:Infinity":71,"s:178:21:178:Infinity":72,"s:180:71:180:Infinity":73,"b:182:4:187:Infinity:undefined:undefined:undefined:undefined":27,"s:182:4:187:Infinity":74,"s:183:6:186:Infinity":75,"s:190:38:195:Infinity":76,"b:197:4:202:Infinity:undefined:undefined:undefined:undefined":28,"s:197:4:202:Infinity":77,"s:198:6:201:Infinity":78,"s:204:48:204:Infinity":79,"b:205:4:205:Infinity:undefined:undefined:undefined:undefined":29,"s:205:4:205:Infinity":80,"s:205:28:205:Infinity":81,"b:206:4:206:Infinity:undefined:undefined:undefined:undefined":30,"s:206:4:206:Infinity":82,"s:206:28:206:Infinity":83,"b:207:4:207:Infinity:undefined:undefined:undefined:undefined":31,"s:207:4:207:Infinity":84,"s:207:29:207:Infinity":85,"b:208:4:208:Infinity:undefined:undefined:undefined:undefined":32,"s:208:4:208:Infinity":86,"s:208:36:208:Infinity":87,"b:209:4:209:Infinity:undefined:undefined:undefined:undefined":33,"s:209:4:209:Infinity":88,"s:209:27:209:Infinity":89,"b:210:4:210:Infinity:undefined:undefined:undefined:undefined":34,"s:210:4:210:Infinity":90,"s:210:29:210:Infinity":91,"b:211:4:211:Infinity:undefined:undefined:undefined:undefined":35,"s:211:4:211:Infinity":92,"s:211:29:211:Infinity":93,"s:213:37:219:Infinity":94,"b:221:4:221:Infinity:undefined:undefined:undefined:undefined":36,"s:221:4:221:Infinity":95,"s:221:15:221:Infinity":96,"s:223:4:223:Infinity":97,"s:225:4:225:Infinity":98,"s:226:4:229:Infinity":99,"f:234:22:234:29":8,"s:235:2:306:Infinity":100,"s:236:17:236:Infinity":101,"b:237:4:237:Infinity:undefined:undefined:undefined:undefined":37,"s:237:4:237:Infinity":102,"s:237:20:237:Infinity":103,"s:239:29:239:Infinity":104,"s:240:15:240:Infinity":105,"s:241:18:241:Infinity":106,"b:243:4:248:Infinity:undefined:undefined:undefined:undefined":38,"s:243:4:248:Infinity":107,"s:244:6:247:Infinity":108,"s:250:21:250:Infinity":109,"s:253:38:258:Infinity":110,"b:260:4:265:Infinity:undefined:undefined:undefined:undefined":39,"s:260:4:265:Infinity":111,"s:261:6:264:Infinity":112,"s:268:22:271:Infinity":113,"b:273:4:288:Infinity:undefined:undefined:undefined:undefined":40,"s:273:4:288:Infinity":114,"b:273:8:273:17:273:17:273:30:273:30:273:38":41,"s:275:24:279:Infinity":115,"b:281:6:281:Infinity:undefined:undefined:undefined:undefined":42,"s:281:6:281:Infinity":116,"s:281:17:281:Infinity":117,"s:283:6:287:Infinity":118,"s:291:22:295:Infinity":119,"b:297:4:297:Infinity:undefined:undefined:undefined:undefined":43,"s:297:4:297:Infinity":120,"s:297:15:297:Infinity":121,"s:299:4:299:Infinity":122,"s:301:4:301:Infinity":123,"s:302:4:305:Infinity":124}}}
,"/Users/alisonaraujo/Desktop/Projetos/Aplicativos/dindin/dindin/app/api/transacoes/route.ts": {"path":"/Users/alisonaraujo/Desktop/Projetos/Aplicativos/dindin/dindin/app/api/transacoes/route.ts","statementMap":{"0":{"start":{"line":8,"column":2},"end":{"line":96,"column":null}},"1":{"start":{"line":9,"column":17},"end":{"line":9,"column":null}},"2":{"start":{"line":10,"column":4},"end":{"line":10,"column":null}},"3":{"start":{"line":10,"column":20},"end":{"line":10,"column":null}},"4":{"start":{"line":12,"column":21},"end":{"line":12,"column":null}},"5":{"start":{"line":13,"column":29},"end":{"line":13,"column":null}},"6":{"start":{"line":16,"column":23},"end":{"line":16,"column":null}},"7":{"start":{"line":17,"column":22},"end":{"line":17,"column":null}},"8":{"start":{"line":18,"column":17},"end":{"line":18,"column":null}},"9":{"start":{"line":19,"column":22},"end":{"line":19,"column":null}},"10":{"start":{"line":20,"column":23},"end":{"line":20,"column":null}},"11":{"start":{"line":21,"column":20},"end":{"line":21,"column":null}},"12":{"start":{"line":22,"column":18},"end":{"line":22,"column":null}},"13":{"start":{"line":23,"column":19},"end":{"line":23,"column":null}},"14":{"start":{"line":25,"column":16},"end":{"line":28,"column":null}},"15":{"start":{"line":31,"column":4},"end":{"line":31,"column":null}},"16":{"start":{"line":31,"column":20},"end":{"line":31,"column":null}},"17":{"start":{"line":32,"column":4},"end":{"line":32,"column":null}},"18":{"start":{"line":32,"column":19},"end":{"line":32,"column":null}},"19":{"start":{"line":33,"column":4},"end":{"line":33,"column":null}},"20":{"start":{"line":33,"column":14},"end":{"line":33,"column":null}},"21":{"start":{"line":34,"column":4},"end":{"line":34,"column":null}},"22":{"start":{"line":34,"column":19},"end":{"line":34,"column":null}},"23":{"start":{"line":35,"column":4},"end":{"line":35,"column":null}},"24":{"start":{"line":35,"column":20},"end":{"line":35,"column":null}},"25":{"start":{"line":36,"column":4},"end":{"line":36,"column":null}},"26":{"start":{"line":36,"column":17},"end":{"line":36,"column":null}},"27":{"start":{"line":38,"column":4},"end":{"line":40,"column":null}},"28":{"start":{"line":42,"column":4},"end":{"line":47,"column":null}},"29":{"start":{"line":43,"column":6},"end":{"line":46,"column":null}},"30":{"start":{"line":49,"column":42},"end":{"line":49,"column":null}},"31":{"start":{"line":51,"column":4},"end":{"line":51,"column":null}},"32":{"start":{"line":51,"column":15},"end":{"line":51,"column":null}},"33":{"start":{"line":54,"column":21},"end":{"line":57,"column":null}},"34":{"start":{"line":59,"column":4},"end":{"line":59,"column":null}},"35":{"start":{"line":59,"column":20},"end":{"line":59,"column":null}},"36":{"start":{"line":60,"column":4},"end":{"line":60,"column":null}},"37":{"start":{"line":60,"column":19},"end":{"line":60,"column":null}},"38":{"start":{"line":61,"column":4},"end":{"line":61,"column":null}},"39":{"start":{"line":61,"column":14},"end":{"line":61,"column":null}},"40":{"start":{"line":62,"column":4},"end":{"line":62,"column":null}},"41":{"start":{"line":62,"column":19},"end":{"line":62,"column":null}},"42":{"start":{"line":63,"column":4},"end":{"line":63,"column":null}},"43":{"start":{"line":63,"column":20},"end":{"line":63,"column":null}},"44":{"start":{"line":64,"column":4},"end":{"line":64,"column":null}},"45":{"start":{"line":64,"column":17},"end":{"line":64,"column":null}},"46":{"start":{"line":66,"column":22},"end":{"line":66,"column":null}},"47":{"start":{"line":69,"column":10},"end":{"line":73,"column":null}},"48":{"start":{"line":69,"column":64},"end":{"line":73,"column":6}},"49":{"start":{"line":75,"column":25},"end":{"line":75,"column":null}},"50":{"start":{"line":76,"column":26},"end":{"line":76,"column":null}},"51":{"start":{"line":77,"column":23},"end":{"line":77,"column":null}},"52":{"start":{"line":79,"column":4},"end":{"line":89,"column":null}},"53":{"start":{"line":91,"column":4},"end":{"line":91,"column":null}},"54":{"start":{"line":92,"column":4},"end":{"line":95,"column":null}},"55":{"start":{"line":101,"column":2},"end":{"line":261,"column":null}},"56":{"start":{"line":102,"column":17},"end":{"line":102,"column":null}},"57":{"start":{"line":103,"column":4},"end":{"line":103,"column":null}},"58":{"start":{"line":103,"column":20},"end":{"line":103,"column":null}},"59":{"start":{"line":105,"column":17},"end":{"line":105,"column":null}},"60":{"start":{"line":106,"column":21},"end":{"line":106,"column":null}},"61":{"start":{"line":120,"column":8},"end":{"line":120,"column":null}},"62":{"start":{"line":123,"column":4},"end":{"line":128,"column":null}},"63":{"start":{"line":124,"column":6},"end":{"line":127,"column":null}},"64":{"start":{"line":130,"column":4},"end":{"line":135,"column":null}},"65":{"start":{"line":131,"column":6},"end":{"line":134,"column":null}},"66":{"start":{"line":137,"column":4},"end":{"line":142,"column":null}},"67":{"start":{"line":138,"column":6},"end":{"line":141,"column":null}},"68":{"start":{"line":144,"column":4},"end":{"line":149,"column":null}},"69":{"start":{"line":145,"column":6},"end":{"line":148,"column":null}},"70":{"start":{"line":152,"column":4},"end":{"line":166,"column":null}},"71":{"start":{"line":153,"column":32},"end":{"line":158,"column":null}},"72":{"start":{"line":160,"column":6},"end":{"line":165,"column":null}},"73":{"start":{"line":161,"column":8},"end":{"line":164,"column":null}},"74":{"start":{"line":169,"column":4},"end":{"line":224,"column":null}},"75":{"start":{"line":171,"column":6},"end":{"line":176,"column":null}},"76":{"start":{"line":172,"column":8},"end":{"line":175,"column":null}},"77":{"start":{"line":178,"column":27},"end":{"line":178,"column":null}},"78":{"start":{"line":179,"column":27},"end":{"line":179,"column":null}},"79":{"start":{"line":180,"column":23},"end":{"line":180,"column":null}},"80":{"start":{"line":182,"column":6},"end":{"line":201,"column":null}},"81":{"start":{"line":182,"column":19},"end":{"line":182,"column":22}},"82":{"start":{"line":183,"column":28},"end":{"line":183,"column":null}},"83":{"start":{"line":184,"column":8},"end":{"line":184,"column":null}},"84":{"start":{"line":186,"column":8},"end":{"line":200,"column":null}},"85":{"start":{"line":204,"column":51},"end":{"line":207,"column":null}},"86":{"start":{"line":209,"column":6},"end":{"line":215,"column":null}},"87":{"start":{"line":210,"column":8},"end":{"line":210,"column":null}},"88":{"start":{"line":211,"column":8},"end":{"line":214,"column":null}},"89":{"start":{"line":217,"column":6},"end":{"line":223,"column":null}},"90":{"start":{"line":227,"column":41},"end":{"line":243,"column":null}},"91":{"start":{"line":245,"column":4},"end":{"line":245,"column":null}},"92":{"start":{"line":245,"column":15},"end":{"line":245,"column":null}},"93":{"start":{"line":247,"column":4},"end":{"line":254,"column":null}},"94":{"start":{"line":256,"column":4},"end":{"line":256,"column":null}},"95":{"start":{"line":257,"column":4},"end":{"line":260,"column":null}},"96":{"start":{"line":266,"column":2},"end":{"line":347,"column":null}},"97":{"start":{"line":267,"column":17},"end":{"line":267,"column":null}},"98":{"start":{"line":268,"column":4},"end":{"line":268,"column":null}},"99":{"start":{"line":268,"column":20},"end":{"line":268,"column":null}},"100":{"start":{"line":270,"column":17},"end":{"line":270,"column":null}},"101":{"start":{"line":271,"column":21},"end":{"line":271,"column":null}},"102":{"start":{"line":273,"column":108},"end":{"line":273,"column":null}},"103":{"start":{"line":275,"column":4},"end":{"line":280,"column":null}},"104":{"start":{"line":276,"column":6},"end":{"line":279,"column":null}},"105":{"start":{"line":283,"column":31},"end":{"line":288,"column":null}},"106":{"start":{"line":290,"column":4},"end":{"line":295,"column":null}},"107":{"start":{"line":291,"column":6},"end":{"line":294,"column":null}},"108":{"start":{"line":298,"column":4},"end":{"line":312,"column":null}},"109":{"start":{"line":299,"column":32},"end":{"line":304,"column":null}},"110":{"start":{"line":306,"column":6},"end":{"line":311,"column":null}},"111":{"start":{"line":307,"column":8},"end":{"line":310,"column":null}},"112":{"start":{"line":314,"column":48},"end":{"line":314,"column":null}},"113":{"start":{"line":315,"column":4},"end":{"line":315,"column":null}},"114":{"start":{"line":315,"column":33},"end":{"line":315,"column":null}},"115":{"start":{"line":316,"column":4},"end":{"line":316,"column":null}},"116":{"start":{"line":316,"column":29},"end":{"line":316,"column":null}},"117":{"start":{"line":317,"column":4},"end":{"line":317,"column":null}},"118":{"start":{"line":317,"column":28},"end":{"line":317,"column":null}},"119":{"start":{"line":318,"column":4},"end":{"line":318,"column":null}},"120":{"start":{"line":318,"column":28},"end":{"line":318,"column":null}},"121":{"start":{"line":319,"column":4},"end":{"line":319,"column":null}},"122":{"start":{"line":319,"column":34},"end":{"line":319,"column":null}},"123":{"start":{"line":320,"column":4},"end":{"line":320,"column":null}},"124":{"start":{"line":320,"column":34},"end":{"line":320,"column":null}},"125":{"start":{"line":321,"column":4},"end":{"line":321,"column":null}},"126":{"start":{"line":321,"column":33},"end":{"line":321,"column":null}},"127":{"start":{"line":322,"column":4},"end":{"line":322,"column":null}},"128":{"start":{"line":322,"column":28},"end":{"line":322,"column":null}},"129":{"start":{"line":323,"column":4},"end":{"line":323,"column":null}},"130":{"start":{"line":323,"column":29},"end":{"line":323,"column":null}},"131":{"start":{"line":324,"column":4},"end":{"line":324,"column":null}},"132":{"start":{"line":324,"column":33},"end":{"line":324,"column":null}},"133":{"start":{"line":326,"column":41},"end":{"line":332,"column":null}},"134":{"start":{"line":334,"column":4},"end":{"line":334,"column":null}},"135":{"start":{"line":334,"column":15},"end":{"line":334,"column":null}},"136":{"start":{"line":336,"column":4},"end":{"line":340,"column":null}},"137":{"start":{"line":342,"column":4},"end":{"line":342,"column":null}},"138":{"start":{"line":343,"column":4},"end":{"line":346,"column":null}},"139":{"start":{"line":352,"column":2},"end":{"line":398,"column":null}},"140":{"start":{"line":353,"column":17},"end":{"line":353,"column":null}},"141":{"start":{"line":354,"column":4},"end":{"line":354,"column":null}},"142":{"start":{"line":354,"column":20},"end":{"line":354,"column":null}},"143":{"start":{"line":356,"column":29},"end":{"line":356,"column":null}},"144":{"start":{"line":357,"column":15},"end":{"line":357,"column":null}},"145":{"start":{"line":359,"column":4},"end":{"line":364,"column":null}},"146":{"start":{"line":360,"column":6},"end":{"line":363,"column":null}},"147":{"start":{"line":366,"column":21},"end":{"line":366,"column":null}},"148":{"start":{"line":369,"column":31},"end":{"line":374,"column":null}},"149":{"start":{"line":376,"column":4},"end":{"line":381,"column":null}},"150":{"start":{"line":377,"column":6},"end":{"line":380,"column":null}},"151":{"start":{"line":383,"column":22},"end":{"line":387,"column":null}},"152":{"start":{"line":389,"column":4},"end":{"line":389,"column":null}},"153":{"start":{"line":389,"column":15},"end":{"line":389,"column":null}},"154":{"start":{"line":391,"column":4},"end":{"line":391,"column":null}},"155":{"start":{"line":393,"column":4},"end":{"line":393,"column":null}},"156":{"start":{"line":394,"column":4},"end":{"line":397,"column":null}}},"fnMap":{"0":{"name":"GET","decl":{"start":{"line":7,"column":22},"end":{"line":7,"column":26}},"loc":{"start":{"line":7,"column":48},"end":{"line":97,"column":null}},"line":7},"1":{"name":"(anonymous_1)","decl":{"start":{"line":69,"column":56},"end":{"line":69,"column":57}},"loc":{"start":{"line":69,"column":64},"end":{"line":73,"column":6}},"line":69},"2":{"name":"POST","decl":{"start":{"line":100,"column":22},"end":{"line":100,"column":27}},"loc":{"start":{"line":100,"column":49},"end":{"line":262,"column":null}},"line":100},"3":{"name":"PUT","decl":{"start":{"line":265,"column":22},"end":{"line":265,"column":26}},"loc":{"start":{"line":265,"column":48},"end":{"line":348,"column":null}},"line":265},"4":{"name":"DELETE","decl":{"start":{"line":351,"column":22},"end":{"line":351,"column":29}},"loc":{"start":{"line":351,"column":51},"end":{"line":399,"column":null}},"line":351}},"branchMap":{"0":{"loc":{"start":{"line":10,"column":4},"end":{"line":10,"column":null}},"type":"if","locations":[{"start":{"line":10,"column":4},"end":{"line":10,"column":null}},{"start":{},"end":{}}],"line":10},"1":{"loc":{"start":{"line":31,"column":4},"end":{"line":31,"column":null}},"type":"if","locations":[{"start":{"line":31,"column":4},"end":{"line":31,"column":null}},{"start":{},"end":{}}],"line":31},"2":{"loc":{"start":{"line":32,"column":4},"end":{"line":32,"column":null}},"type":"if","locations":[{"start":{"line":32,"column":4},"end":{"line":32,"column":null}},{"start":{},"end":{}}],"line":32},"3":{"loc":{"start":{"line":33,"column":4},"end":{"line":33,"column":null}},"type":"if","locations":[{"start":{"line":33,"column":4},"end":{"line":33,"column":null}},{"start":{},"end":{}}],"line":33},"4":{"loc":{"start":{"line":34,"column":4},"end":{"line":34,"column":null}},"type":"if","locations":[{"start":{"line":34,"column":4},"end":{"line":34,"column":null}},{"start":{},"end":{}}],"line":34},"5":{"loc":{"start":{"line":35,"column":4},"end":{"line":35,"column":null}},"type":"if","locations":[{"start":{"line":35,"column":4},"end":{"line":35,"column":null}},{"start":{},"end":{}}],"line":35},"6":{"loc":{"start":{"line":36,"column":4},"end":{"line":36,"column":null}},"type":"if","locations":[{"start":{"line":36,"column":4},"end":{"line":36,"column":null}},{"start":{},"end":{}}],"line":36},"7":{"loc":{"start":{"line":40,"column":13},"end":{"line":40,"column":41}},"type":"cond-expr","locations":[{"start":{"line":40,"column":21},"end":{"line":40,"column":39}},{"start":{"line":40,"column":39},"end":{"line":40,"column":41}}],"line":40},"8":{"loc":{"start":{"line":42,"column":4},"end":{"line":47,"column":null}},"type":"if","locations":[{"start":{"line":42,"column":4},"end":{"line":47,"column":null}},{"start":{},"end":{}}],"line":42},"9":{"loc":{"start":{"line":45,"column":28},"end":{"line":45,"column":60}},"type":"cond-expr","locations":[{"start":{"line":45,"column":36},"end":{"line":45,"column":54}},{"start":{"line":45,"column":54},"end":{"line":45,"column":60}}],"line":45},"10":{"loc":{"start":{"line":51,"column":4},"end":{"line":51,"column":null}},"type":"if","locations":[{"start":{"line":51,"column":4},"end":{"line":51,"column":null}},{"start":{},"end":{}}],"line":51},"11":{"loc":{"start":{"line":59,"column":4},"end":{"line":59,"column":null}},"type":"if","locations":[{"start":{"line":59,"column":4},"end":{"line":59,"column":null}},{"start":{},"end":{}}],"line":59},"12":{"loc":{"start":{"line":60,"column":4},"end":{"line":60,"column":null}},"type":"if","locations":[{"start":{"line":60,"column":4},"end":{"line":60,"column":null}},{"start":{},"end":{}}],"line":60},"13":{"loc":{"start":{"line":61,"column":4},"end":{"line":61,"column":null}},"type":"if","locations":[{"start":{"line":61,"column":4},"end":{"line":61,"column":null}},{"start":{},"end":{}}],"line":61},"14":{"loc":{"start":{"line":62,"column":4},"end":{"line":62,"column":null}},"type":"if","locations":[{"start":{"line":62,"column":4},"end":{"line":62,"column":null}},{"start":{},"end":{}}],"line":62},"15":{"loc":{"start":{"line":63,"column":4},"end":{"line":63,"column":null}},"type":"if","locations":[{"start":{"line":63,"column":4},"end":{"line":63,"column":null}},{"start":{},"end":{}}],"line":63},"16":{"loc":{"start":{"line":64,"column":4},"end":{"line":64,"column":null}},"type":"if","locations":[{"start":{"line":64,"column":4},"end":{"line":64,"column":null}},{"start":{},"end":{}}],"line":64},"17":{"loc":{"start":{"line":69,"column":32},"end":{"line":69,"column":52}},"type":"binary-expr","locations":[{"start":{"line":69,"column":32},"end":{"line":69,"column":48}},{"start":{"line":69,"column":48},"end":{"line":69,"column":52}}],"line":69},"18":{"loc":{"start":{"line":75,"column":25},"end":{"line":75,"column":null}},"type":"cond-expr","locations":[{"start":{"line":75,"column":33},"end":{"line":75,"column":51}},{"start":{"line":75,"column":51},"end":{"line":75,"column":null}}],"line":75},"19":{"loc":{"start":{"line":76,"column":26},"end":{"line":76,"column":null}},"type":"cond-expr","locations":[{"start":{"line":76,"column":35},"end":{"line":76,"column":54}},{"start":{"line":76,"column":54},"end":{"line":76,"column":null}}],"line":76},"20":{"loc":{"start":{"line":77,"column":23},"end":{"line":77,"column":null}},"type":"binary-expr","locations":[{"start":{"line":77,"column":23},"end":{"line":77,"column":32}},{"start":{"line":77,"column":32},"end":{"line":77,"column":null}}],"line":77},"21":{"loc":{"start":{"line":103,"column":4},"end":{"line":103,"column":null}},"type":"if","locations":[{"start":{"line":103,"column":4},"end":{"line":103,"column":null}},{"start":{},"end":{}}],"line":103},"22":{"loc":{"start":{"line":123,"column":4},"end":{"line":128,"column":null}},"type":"if","locations":[{"start":{"line":123,"column":4},"end":{"line":128,"column":null}},{"start":{},"end":{}}],"line":123},"23":{"loc":{"start":{"line":130,"column":4},"end":{"line":135,"column":null}},"type":"if","locations":[{"start":{"line":130,"column":4},"end":{"line":135,"column":null}},{"start":{},"end":{}}],"line":130},"24":{"loc":{"start":{"line":130,"column":8},"end":{"line":130,"column":30}},"type":"binary-expr","locations":[{"start":{"line":130,"column":8},"end":{"line":130,"column":18}},{"start":{"line":130,"column":18},"end":{"line":130,"column":30}}],"line":130},"25":{"loc":{"start":{"line":137,"column":4},"end":{"line":142,"column":null}},"type":"if","locations":[{"start":{"line":137,"column":4},"end":{"line":142,"column":null}},{"start":{},"end":{}}],"line":137},"26":{"loc":{"start":{"line":144,"column":4},"end":{"line":149,"column":null}},"type":"if","locations":[{"start":{"line":144,"column":4},"end":{"line":149,"column":null}},{"start":{},"end":{}}],"line":144},"27":{"loc":{"start":{"line":152,"column":4},"end":{"line":166,"column":null}},"type":"if","locations":[{"start":{"line":152,"column":4},"end":{"line":166,"column":null}},{"start":{},"end":{}}],"line":152},"28":{"loc":{"start":{"line":160,"column":6},"end":{"line":165,"column":null}},"type":"if","locations":[{"start":{"line":160,"column":6},"end":{"line":165,"column":null}},{"start":{},"end":{}}],"line":160},"29":{"loc":{"start":{"line":169,"column":4},"end":{"line":224,"column":null}},"type":"if","locations":[{"start":{"line":169,"column":4},"end":{"line":224,"column":null}},{"start":{},"end":{}}],"line":169},"30":{"loc":{"start":{"line":169,"column":8},"end":{"line":169,"column":34}},"type":"binary-expr","locations":[{"start":{"line":169,"column":8},"end":{"line":169,"column":20}},{"start":{"line":169,"column":20},"end":{"line":169,"column":34}}],"line":169},"31":{"loc":{"start":{"line":171,"column":6},"end":{"line":176,"column":null}},"type":"if","locations":[{"start":{"line":171,"column":6},"end":{"line":176,"column":null}},{"start":{},"end":{}}],"line":171},"32":{"loc":{"start":{"line":194,"column":23},"end":{"line":194,"column":null}},"type":"binary-expr","locations":[{"start":{"line":194,"column":23},"end":{"line":194,"column":37}},{"start":{"line":194,"column":37},"end":{"line":194,"column":null}}],"line":194},"33":{"loc":{"start":{"line":195,"column":22},"end":{"line":195,"column":null}},"type":"binary-expr","locations":[{"start":{"line":195,"column":22},"end":{"line":195,"column":35}},{"start":{"line":195,"column":35},"end":{"line":195,"column":null}}],"line":195},"34":{"loc":{"start":{"line":197,"column":16},"end":{"line":197,"column":null}},"type":"binary-expr","locations":[{"start":{"line":197,"column":16},"end":{"line":197,"column":24}},{"start":{"line":197,"column":24},"end":{"line":197,"column":null}}],"line":197},"35":{"loc":{"start":{"line":198,"column":17},"end":{"line":198,"column":null}},"type":"binary-expr","locations":[{"start":{"line":198,"column":17},"end":{"line":198,"column":26}},{"start":{"line":198,"column":26},"end":{"line":198,"column":null}}],"line":198},"36":{"loc":{"start":{"line":199,"column":22},"end":{"line":199,"column":null}},"type":"binary-expr","locations":[{"start":{"line":199,"column":22},"end":{"line":199,"column":35}},{"start":{"line":199,"column":35},"end":{"line":199,"column":null}}],"line":199},"37":{"loc":{"start":{"line":209,"column":6},"end":{"line":215,"column":null}},"type":"if","locations":[{"start":{"line":209,"column":6},"end":{"line":215,"column":null}},{"start":{},"end":{}}],"line":209},"38":{"loc":{"start":{"line":219,"column":17},"end":{"line":219,"column":null}},"type":"binary-expr","locations":[{"start":{"line":219,"column":17},"end":{"line":219,"column":48}},{"start":{"line":219,"column":48},"end":{"line":219,"column":null}}],"line":219},"39":{"loc":{"start":{"line":234,"column":20},"end":{"line":234,"column":null}},"type":"binary-expr","locations":[{"start":{"line":234,"column":20},"end":{"line":234,"column":34}},{"start":{"line":234,"column":34},"end":{"line":234,"column":null}}],"line":234},"40":{"loc":{"start":{"line":235,"column":21},"end":{"line":235,"column":null}},"type":"binary-expr","locations":[{"start":{"line":235,"column":21},"end":{"line":235,"column":35}},{"start":{"line":235,"column":35},"end":{"line":235,"column":null}}],"line":235},"41":{"loc":{"start":{"line":236,"column":20},"end":{"line":236,"column":null}},"type":"binary-expr","locations":[{"start":{"line":236,"column":20},"end":{"line":236,"column":33}},{"start":{"line":236,"column":33},"end":{"line":236,"column":null}}],"line":236},"42":{"loc":{"start":{"line":238,"column":14},"end":{"line":238,"column":null}},"type":"binary-expr","locations":[{"start":{"line":238,"column":14},"end":{"line":238,"column":22}},{"start":{"line":238,"column":22},"end":{"line":238,"column":null}}],"line":238},"43":{"loc":{"start":{"line":239,"column":15},"end":{"line":239,"column":null}},"type":"binary-expr","locations":[{"start":{"line":239,"column":15},"end":{"line":239,"column":24}},{"start":{"line":239,"column":24},"end":{"line":239,"column":null}}],"line":239},"44":{"loc":{"start":{"line":240,"column":20},"end":{"line":240,"column":null}},"type":"binary-expr","locations":[{"start":{"line":240,"column":20},"end":{"line":240,"column":33}},{"start":{"line":240,"column":33},"end":{"line":240,"column":null}}],"line":240},"45":{"loc":{"start":{"line":245,"column":4},"end":{"line":245,"column":null}},"type":"if","locations":[{"start":{"line":245,"column":4},"end":{"line":245,"column":null}},{"start":{},"end":{}}],"line":245},"46":{"loc":{"start":{"line":268,"column":4},"end":{"line":268,"column":null}},"type":"if","locations":[{"start":{"line":268,"column":4},"end":{"line":268,"column":null}},{"start":{},"end":{}}],"line":268},"47":{"loc":{"start":{"line":275,"column":4},"end":{"line":280,"column":null}},"type":"if","locations":[{"start":{"line":275,"column":4},"end":{"line":280,"column":null}},{"start":{},"end":{}}],"line":275},"48":{"loc":{"start":{"line":290,"column":4},"end":{"line":295,"column":null}},"type":"if","locations":[{"start":{"line":290,"column":4},"end":{"line":295,"column":null}},{"start":{},"end":{}}],"line":290},"49":{"loc":{"start":{"line":298,"column":4},"end":{"line":312,"column":null}},"type":"if","locations":[{"start":{"line":298,"column":4},"end":{"line":312,"column":null}},{"start":{},"end":{}}],"line":298},"50":{"loc":{"start":{"line":306,"column":6},"end":{"line":311,"column":null}},"type":"if","locations":[{"start":{"line":306,"column":6},"end":{"line":311,"column":null}},{"start":{},"end":{}}],"line":306},"51":{"loc":{"start":{"line":315,"column":4},"end":{"line":315,"column":null}},"type":"if","locations":[{"start":{"line":315,"column":4},"end":{"line":315,"column":null}},{"start":{},"end":{}}],"line":315},"52":{"loc":{"start":{"line":316,"column":4},"end":{"line":316,"column":null}},"type":"if","locations":[{"start":{"line":316,"column":4},"end":{"line":316,"column":null}},{"start":{},"end":{}}],"line":316},"53":{"loc":{"start":{"line":317,"column":4},"end":{"line":317,"column":null}},"type":"if","locations":[{"start":{"line":317,"column":4},"end":{"line":317,"column":null}},{"start":{},"end":{}}],"line":317},"54":{"loc":{"start":{"line":318,"column":4},"end":{"line":318,"column":null}},"type":"if","locations":[{"start":{"line":318,"column":4},"end":{"line":318,"column":null}},{"start":{},"end":{}}],"line":318},"55":{"loc":{"start":{"line":319,"column":4},"end":{"line":319,"column":null}},"type":"if","locations":[{"start":{"line":319,"column":4},"end":{"line":319,"column":null}},{"start":{},"end":{}}],"line":319},"56":{"loc":{"start":{"line":320,"column":4},"end":{"line":320,"column":null}},"type":"if","locations":[{"start":{"line":320,"column":4},"end":{"line":320,"column":null}},{"start":{},"end":{}}],"line":320},"57":{"loc":{"start":{"line":321,"column":4},"end":{"line":321,"column":null}},"type":"if","locations":[{"start":{"line":321,"column":4},"end":{"line":321,"column":null}},{"start":{},"end":{}}],"line":321},"58":{"loc":{"start":{"line":322,"column":4},"end":{"line":322,"column":null}},"type":"if","locations":[{"start":{"line":322,"column":4},"end":{"line":322,"column":null}},{"start":{},"end":{}}],"line":322},"59":{"loc":{"start":{"line":323,"column":4},"end":{"line":323,"column":null}},"type":"if","locations":[{"start":{"line":323,"column":4},"end":{"line":323,"column":null}},{"start":{},"end":{}}],"line":323},"60":{"loc":{"start":{"line":324,"column":4},"end":{"line":324,"column":null}},"type":"if","locations":[{"start":{"line":324,"column":4},"end":{"line":324,"column":null}},{"start":{},"end":{}}],"line":324},"61":{"loc":{"start":{"line":334,"column":4},"end":{"line":334,"column":null}},"type":"if","locations":[{"start":{"line":334,"column":4},"end":{"line":334,"column":null}},{"start":{},"end":{}}],"line":334},"62":{"loc":{"start":{"line":354,"column":4},"end":{"line":354,"column":null}},"type":"if","locations":[{"start":{"line":354,"column":4},"end":{"line":354,"column":null}},{"start":{},"end":{}}],"line":354},"63":{"loc":{"start":{"line":359,"column":4},"end":{"line":364,"column":null}},"type":"if","locations":[{"start":{"line":359,"column":4},"end":{"line":364,"column":null}},{"start":{},"end":{}}],"line":359},"64":{"loc":{"start":{"line":376,"column":4},"end":{"line":381,"column":null}},"type":"if","locations":[{"start":{"line":376,"column":4},"end":{"line":381,"column":null}},{"start":{},"end":{}}],"line":376},"65":{"loc":{"start":{"line":389,"column":4},"end":{"line":389,"column":null}},"type":"if","locations":[{"start":{"line":389,"column":4},"end":{"line":389,"column":null}},{"start":{},"end":{}}],"line":389}},"s":{"0":5,"1":5,"2":5,"3":1,"4":4,"5":4,"6":4,"7":4,"8":4,"9":4,"10":4,"11":4,"12":4,"13":4,"14":4,"15":4,"16":1,"17":4,"18":4,"19":4,"20":4,"21":4,"22":4,"23":4,"24":4,"25":4,"26":4,"27":4,"28":5,"29":1,"30":4,"31":4,"32":0,"33":4,"34":4,"35":1,"36":4,"37":4,"38":4,"39":4,"40":4,"41":4,"42":4,"43":4,"44":4,"45":4,"46":4,"47":4,"48":5,"49":5,"50":5,"51":5,"52":5,"53":0,"54":0,"55":10,"56":10,"57":10,"58":1,"59":9,"60":9,"61":9,"62":9,"63":1,"64":8,"65":2,"66":6,"67":1,"68":5,"69":1,"70":4,"71":3,"72":3,"73":1,"74":3,"75":2,"76":1,"77":1,"78":1,"79":1,"80":1,"81":1,"82":6,"83":6,"84":6,"85":1,"86":1,"87":0,"88":0,"89":1,"90":1,"91":1,"92":0,"93":1,"94":0,"95":0,"96":4,"97":4,"98":4,"99":1,"100":3,"101":3,"102":3,"103":3,"104":1,"105":2,"106":2,"107":1,"108":1,"109":0,"110":0,"111":0,"112":1,"113":1,"114":1,"115":1,"116":0,"117":1,"118":0,"119":1,"120":1,"121":1,"122":1,"123":1,"124":1,"125":1,"126":1,"127":1,"128":0,"129":1,"130":0,"131":1,"132":1,"133":1,"134":1,"135":0,"136":1,"137":0,"138":0,"139":4,"140":4,"141":4,"142":1,"143":3,"144":3,"145":3,"146":1,"147":2,"148":2,"149":2,"150":1,"151":1,"152":1,"153":0,"154":1,"155":0,"156":0},"f":{"0":5,"1":5,"2":10,"3":4,"4":4},"b":{"0":[1,4],"1":[1,3],"2":[0,4],"3":[1,3],"4":[0,4],"5":[0,4],"6":[0,4],"7":[1,3],"8":[1,4],"9":[1,0],"10":[0,4],"11":[1,3],"12":[0,4],"13":[1,3],"14":[0,4],"15":[0,4],"16":[0,4],"17":[4,0],"18":[1,3],"19":[1,3],"20":[5,0],"21":[1,9],"22":[1,8],"23":[2,6],"24":[8,7],"25":[1,5],"26":[1,4],"27":[3,1],"28":[1,2],"29":[2,1],"30":[3,2],"31":[1,1],"32":[6,6],"33":[6,0],"34":[6,6],"35":[6,6],"36":[6,0],"37":[0,1],"38":[1,0],"39":[1,1],"40":[10,1],"41":[10,0],"42":[10,1],"43":[10,1],"44":[10,1],"45":[0,1],"46":[1,3],"47":[1,2],"48":[1,1],"49":[0,1],"50":[0,0],"51":[1,0],"52":[0,1],"53":[0,1],"54":[0,1],"55":[0,1],"56":[0,1],"57":[0,1],"58":[0,1],"59":[0,1],"60":[0,1],"61":[0,1],"62":[1,3],"63":[1,2],"64":[1,1],"65":[0,1]},"meta":{"lastBranch":66,"lastFunction":5,"lastStatement":157,"seen":{"f:7:22:7:26":0,"s:8:2:96:Infinity":0,"s:9:17:9:Infinity":1,"b:10:4:10:Infinity:undefined:undefined:undefined:undefined":0,"s:10:4:10:Infinity":2,"s:10:20:10:Infinity":3,"s:12:21:12:Infinity":4,"s:13:29:13:Infinity":5,"s:16:23:16:Infinity":6,"s:17:22:17:Infinity":7,"s:18:17:18:Infinity":8,"s:19:22:19:Infinity":9,"s:20:23:20:Infinity":10,"s:21:20:21:Infinity":11,"s:22:18:22:Infinity":12,"s:23:19:23:Infinity":13,"s:25:16:28:Infinity":14,"b:31:4:31:Infinity:undefined:undefined:undefined:undefined":1,"s:31:4:31:Infinity":15,"s:31:20:31:Infinity":16,"b:32:4:32:Infinity:undefined:undefined:undefined:undefined":2,"s:32:4:32:Infinity":17,"s:32:19:32:Infinity":18,"b:33:4:33:Infinity:undefined:undefined:undefined:undefined":3,"s:33:4:33:Infinity":19,"s:33:14:33:Infinity":20,"b:34:4:34:Infinity:undefined:undefined:undefined:undefined":4,"s:34:4:34:Infinity":21,"s:34:19:34:Infinity":22,"b:35:4:35:Infinity:undefined:undefined:undefined:undefined":5,"s:35:4:35:Infinity":23,"s:35:20:35:Infinity":24,"b:36:4:36:Infinity:undefined:undefined:undefined:undefined":6,"s:36:4:36:Infinity":25,"s:36:17:36:Infinity":26,"s:38:4:40:Infinity":27,"b:40:21:40:39:40:39:40:41":7,"b:42:4:47:Infinity:undefined:undefined:undefined:undefined":8,"s:42:4:47:Infinity":28,"s:43:6:46:Infinity":29,"b:45:36:45:54:45:54:45:60":9,"s:49:42:49:Infinity":30,"b:51:4:51:Infinity:undefined:undefined:undefined:undefined":10,"s:51:4:51:Infinity":31,"s:51:15:51:Infinity":32,"s:54:21:57:Infinity":33,"b:59:4:59:Infinity:undefined:undefined:undefined:undefined":11,"s:59:4:59:Infinity":34,"s:59:20:59:Infinity":35,"b:60:4:60:Infinity:undefined:undefined:undefined:undefined":12,"s:60:4:60:Infinity":36,"s:60:19:60:Infinity":37,"b:61:4:61:Infinity:undefined:undefined:undefined:undefined":13,"s:61:4:61:Infinity":38,"s:61:14:61:Infinity":39,"b:62:4:62:Infinity:undefined:undefined:undefined:undefined":14,"s:62:4:62:Infinity":40,"s:62:19:62:Infinity":41,"b:63:4:63:Infinity:undefined:undefined:undefined:undefined":15,"s:63:4:63:Infinity":42,"s:63:20:63:Infinity":43,"b:64:4:64:Infinity:undefined:undefined:undefined:undefined":16,"s:64:4:64:Infinity":44,"s:64:17:64:Infinity":45,"s:66:22:66:Infinity":46,"s:69:10:73:Infinity":47,"b:69:32:69:48:69:48:69:52":17,"f:69:56:69:57":1,"s:69:64:73:6":48,"s:75:25:75:Infinity":49,"b:75:33:75:51:75:51:75:Infinity":18,"s:76:26:76:Infinity":50,"b:76:35:76:54:76:54:76:Infinity":19,"s:77:23:77:Infinity":51,"b:77:23:77:32:77:32:77:Infinity":20,"s:79:4:89:Infinity":52,"s:91:4:91:Infinity":53,"s:92:4:95:Infinity":54,"f:100:22:100:27":2,"s:101:2:261:Infinity":55,"s:102:17:102:Infinity":56,"b:103:4:103:Infinity:undefined:undefined:undefined:undefined":21,"s:103:4:103:Infinity":57,"s:103:20:103:Infinity":58,"s:105:17:105:Infinity":59,"s:106:21:106:Infinity":60,"s:120:8:120:Infinity":61,"b:123:4:128:Infinity:undefined:undefined:undefined:undefined":22,"s:123:4:128:Infinity":62,"s:124:6:127:Infinity":63,"b:130:4:135:Infinity:undefined:undefined:undefined:undefined":23,"s:130:4:135:Infinity":64,"b:130:8:130:18:130:18:130:30":24,"s:131:6:134:Infinity":65,"b:137:4:142:Infinity:undefined:undefined:undefined:undefined":25,"s:137:4:142:Infinity":66,"s:138:6:141:Infinity":67,"b:144:4:149:Infinity:undefined:undefined:undefined:undefined":26,"s:144:4:149:Infinity":68,"s:145:6:148:Infinity":69,"b:152:4:166:Infinity:undefined:undefined:undefined:undefined":27,"s:152:4:166:Infinity":70,"s:153:32:158:Infinity":71,"b:160:6:165:Infinity:undefined:undefined:undefined:undefined":28,"s:160:6:165:Infinity":72,"s:161:8:164:Infinity":73,"b:169:4:224:Infinity:undefined:undefined:undefined:undefined":29,"s:169:4:224:Infinity":74,"b:169:8:169:20:169:20:169:34":30,"b:171:6:176:Infinity:undefined:undefined:undefined:undefined":31,"s:171:6:176:Infinity":75,"s:172:8:175:Infinity":76,"s:178:27:178:Infinity":77,"s:179:27:179:Infinity":78,"s:180:23:180:Infinity":79,"s:182:6:201:Infinity":80,"s:182:19:182:22":81,"s:183:28:183:Infinity":82,"s:184:8:184:Infinity":83,"s:186:8:200:Infinity":84,"b:194:23:194:37:194:37:194:Infinity":32,"b:195:22:195:35:195:35:195:Infinity":33,"b:197:16:197:24:197:24:197:Infinity":34,"b:198:17:198:26:198:26:198:Infinity":35,"b:199:22:199:35:199:35:199:Infinity":36,"s:204:51:207:Infinity":85,"b:209:6:215:Infinity:undefined:undefined:undefined:undefined":37,"s:209:6:215:Infinity":86,"s:210:8:210:Infinity":87,"s:211:8:214:Infinity":88,"s:217:6:223:Infinity":89,"b:219:17:219:48:219:48:219:Infinity":38,"s:227:41:243:Infinity":90,"b:234:20:234:34:234:34:234:Infinity":39,"b:235:21:235:35:235:35:235:Infinity":40,"b:236:20:236:33:236:33:236:Infinity":41,"b:238:14:238:22:238:22:238:Infinity":42,"b:239:15:239:24:239:24:239:Infinity":43,"b:240:20:240:33:240:33:240:Infinity":44,"b:245:4:245:Infinity:undefined:undefined:undefined:undefined":45,"s:245:4:245:Infinity":91,"s:245:15:245:Infinity":92,"s:247:4:254:Infinity":93,"s:256:4:256:Infinity":94,"s:257:4:260:Infinity":95,"f:265:22:265:26":3,"s:266:2:347:Infinity":96,"s:267:17:267:Infinity":97,"b:268:4:268:Infinity:undefined:undefined:undefined:undefined":46,"s:268:4:268:Infinity":98,"s:268:20:268:Infinity":99,"s:270:17:270:Infinity":100,"s:271:21:271:Infinity":101,"s:273:108:273:Infinity":102,"b:275:4:280:Infinity:undefined:undefined:undefined:undefined":47,"s:275:4:280:Infinity":103,"s:276:6:279:Infinity":104,"s:283:31:288:Infinity":105,"b:290:4:295:Infinity:undefined:undefined:undefined:undefined":48,"s:290:4:295:Infinity":106,"s:291:6:294:Infinity":107,"b:298:4:312:Infinity:undefined:undefined:undefined:undefined":49,"s:298:4:312:Infinity":108,"s:299:32:304:Infinity":109,"b:306:6:311:Infinity:undefined:undefined:undefined:undefined":50,"s:306:6:311:Infinity":110,"s:307:8:310:Infinity":111,"s:314:48:314:Infinity":112,"b:315:4:315:Infinity:undefined:undefined:undefined:undefined":51,"s:315:4:315:Infinity":113,"s:315:33:315:Infinity":114,"b:316:4:316:Infinity:undefined:undefined:undefined:undefined":52,"s:316:4:316:Infinity":115,"s:316:29:316:Infinity":116,"b:317:4:317:Infinity:undefined:undefined:undefined:undefined":53,"s:317:4:317:Infinity":117,"s:317:28:317:Infinity":118,"b:318:4:318:Infinity:undefined:undefined:undefined:undefined":54,"s:318:4:318:Infinity":119,"s:318:28:318:Infinity":120,"b:319:4:319:Infinity:undefined:undefined:undefined:undefined":55,"s:319:4:319:Infinity":121,"s:319:34:319:Infinity":122,"b:320:4:320:Infinity:undefined:undefined:undefined:undefined":56,"s:320:4:320:Infinity":123,"s:320:34:320:Infinity":124,"b:321:4:321:Infinity:undefined:undefined:undefined:undefined":57,"s:321:4:321:Infinity":125,"s:321:33:321:Infinity":126,"b:322:4:322:Infinity:undefined:undefined:undefined:undefined":58,"s:322:4:322:Infinity":127,"s:322:28:322:Infinity":128,"b:323:4:323:Infinity:undefined:undefined:undefined:undefined":59,"s:323:4:323:Infinity":129,"s:323:29:323:Infinity":130,"b:324:4:324:Infinity:undefined:undefined:undefined:undefined":60,"s:324:4:324:Infinity":131,"s:324:33:324:Infinity":132,"s:326:41:332:Infinity":133,"b:334:4:334:Infinity:undefined:undefined:undefined:undefined":61,"s:334:4:334:Infinity":134,"s:334:15:334:Infinity":135,"s:336:4:340:Infinity":136,"s:342:4:342:Infinity":137,"s:343:4:346:Infinity":138,"f:351:22:351:29":4,"s:352:2:398:Infinity":139,"s:353:17:353:Infinity":140,"b:354:4:354:Infinity:undefined:undefined:undefined:undefined":62,"s:354:4:354:Infinity":141,"s:354:20:354:Infinity":142,"s:356:29:356:Infinity":143,"s:357:15:357:Infinity":144,"b:359:4:364:Infinity:undefined:undefined:undefined:undefined":63,"s:359:4:364:Infinity":145,"s:360:6:363:Infinity":146,"s:366:21:366:Infinity":147,"s:369:31:374:Infinity":148,"b:376:4:381:Infinity:undefined:undefined:undefined:undefined":64,"s:376:4:381:Infinity":149,"s:377:6:380:Infinity":150,"s:383:22:387:Infinity":151,"b:389:4:389:Infinity:undefined:undefined:undefined:undefined":65,"s:389:4:389:Infinity":152,"s:389:15:389:Infinity":153,"s:391:4:391:Infinity":154,"s:393:4:393:Infinity":155,"s:394:4:397:Infinity":156}}}
,"/Users/alisonaraujo/Desktop/Projetos/Aplicativos/dindin/dindin/app/api/usuarios/route.ts": {"path":"/Users/alisonaraujo/Desktop/Projetos/Aplicativos/dindin/dindin/app/api/usuarios/route.ts","statementMap":{"0":{"start":{"line":7,"column":2},"end":{"line":50,"column":null}},"1":{"start":{"line":8,"column":17},"end":{"line":8,"column":null}},"2":{"start":{"line":9,"column":4},"end":{"line":9,"column":null}},"3":{"start":{"line":9,"column":20},"end":{"line":9,"column":null}},"4":{"start":{"line":11,"column":21},"end":{"line":11,"column":null}},"5":{"start":{"line":14,"column":34},"end":{"line":18,"column":null}},"6":{"start":{"line":22,"column":4},"end":{"line":24,"column":null}},"7":{"start":{"line":23,"column":6},"end":{"line":23,"column":null}},"8":{"start":{"line":27,"column":77},"end":{"line":32,"column":null}},"9":{"start":{"line":35,"column":4},"end":{"line":43,"column":null}},"10":{"start":{"line":45,"column":4},"end":{"line":45,"column":null}},"11":{"start":{"line":46,"column":4},"end":{"line":49,"column":null}},"12":{"start":{"line":55,"column":2},"end":{"line":100,"column":null}},"13":{"start":{"line":56,"column":17},"end":{"line":56,"column":null}},"14":{"start":{"line":57,"column":4},"end":{"line":57,"column":null}},"15":{"start":{"line":57,"column":20},"end":{"line":57,"column":null}},"16":{"start":{"line":59,"column":17},"end":{"line":59,"column":null}},"17":{"start":{"line":60,"column":21},"end":{"line":60,"column":null}},"18":{"start":{"line":62,"column":42},"end":{"line":62,"column":null}},"19":{"start":{"line":65,"column":35},"end":{"line":69,"column":null}},"20":{"start":{"line":71,"column":4},"end":{"line":76,"column":null}},"21":{"start":{"line":72,"column":6},"end":{"line":75,"column":null}},"22":{"start":{"line":79,"column":34},"end":{"line":89,"column":null}},"23":{"start":{"line":91,"column":4},"end":{"line":91,"column":null}},"24":{"start":{"line":91,"column":15},"end":{"line":91,"column":null}},"25":{"start":{"line":93,"column":4},"end":{"line":93,"column":null}},"26":{"start":{"line":95,"column":4},"end":{"line":95,"column":null}},"27":{"start":{"line":96,"column":4},"end":{"line":99,"column":null}},"28":{"start":{"line":105,"column":2},"end":{"line":150,"column":null}},"29":{"start":{"line":106,"column":17},"end":{"line":106,"column":null}},"30":{"start":{"line":107,"column":4},"end":{"line":107,"column":null}},"31":{"start":{"line":107,"column":20},"end":{"line":107,"column":null}},"32":{"start":{"line":109,"column":17},"end":{"line":109,"column":null}},"33":{"start":{"line":110,"column":21},"end":{"line":110,"column":null}},"34":{"start":{"line":112,"column":55},"end":{"line":112,"column":null}},"35":{"start":{"line":115,"column":35},"end":{"line":119,"column":null}},"36":{"start":{"line":121,"column":4},"end":{"line":126,"column":null}},"37":{"start":{"line":122,"column":6},"end":{"line":125,"column":null}},"38":{"start":{"line":128,"column":48},"end":{"line":128,"column":null}},"39":{"start":{"line":129,"column":4},"end":{"line":129,"column":null}},"40":{"start":{"line":129,"column":28},"end":{"line":129,"column":null}},"41":{"start":{"line":130,"column":4},"end":{"line":130,"column":null}},"42":{"start":{"line":130,"column":30},"end":{"line":130,"column":null}},"43":{"start":{"line":131,"column":4},"end":{"line":131,"column":null}},"44":{"start":{"line":131,"column":35},"end":{"line":131,"column":null}},"45":{"start":{"line":132,"column":4},"end":{"line":132,"column":null}},"46":{"start":{"line":132,"column":35},"end":{"line":132,"column":null}},"47":{"start":{"line":134,"column":34},"end":{"line":139,"column":null}},"48":{"start":{"line":141,"column":4},"end":{"line":141,"column":null}},"49":{"start":{"line":141,"column":15},"end":{"line":141,"column":null}},"50":{"start":{"line":143,"column":4},"end":{"line":143,"column":null}},"51":{"start":{"line":145,"column":4},"end":{"line":145,"column":null}},"52":{"start":{"line":146,"column":4},"end":{"line":149,"column":null}},"53":{"start":{"line":155,"column":2},"end":{"line":192,"column":null}},"54":{"start":{"line":156,"column":17},"end":{"line":156,"column":null}},"55":{"start":{"line":157,"column":4},"end":{"line":157,"column":null}},"56":{"start":{"line":157,"column":20},"end":{"line":157,"column":null}},"57":{"start":{"line":159,"column":21},"end":{"line":159,"column":null}},"58":{"start":{"line":162,"column":77},"end":{"line":167,"column":null}},"59":{"start":{"line":170,"column":22},"end":{"line":173,"column":null}},"60":{"start":{"line":175,"column":4},"end":{"line":175,"column":null}},"61":{"start":{"line":175,"column":15},"end":{"line":175,"column":null}},"62":{"start":{"line":177,"column":4},"end":{"line":185,"column":null}},"63":{"start":{"line":187,"column":4},"end":{"line":187,"column":null}},"64":{"start":{"line":188,"column":4},"end":{"line":191,"column":null}}},"fnMap":{"0":{"name":"GET","decl":{"start":{"line":6,"column":22},"end":{"line":6,"column":28}},"loc":{"start":{"line":6,"column":28},"end":{"line":51,"column":null}},"line":6},"1":{"name":"POST","decl":{"start":{"line":54,"column":22},"end":{"line":54,"column":27}},"loc":{"start":{"line":54,"column":49},"end":{"line":101,"column":null}},"line":54},"2":{"name":"PUT","decl":{"start":{"line":104,"column":22},"end":{"line":104,"column":26}},"loc":{"start":{"line":104,"column":48},"end":{"line":151,"column":null}},"line":104},"3":{"name":"DELETE","decl":{"start":{"line":154,"column":22},"end":{"line":154,"column":31}},"loc":{"start":{"line":154,"column":31},"end":{"line":193,"column":null}},"line":154}},"branchMap":{"0":{"loc":{"start":{"line":9,"column":4},"end":{"line":9,"column":null}},"type":"if","locations":[{"start":{"line":9,"column":4},"end":{"line":9,"column":null}},{"start":{},"end":{}}],"line":9},"1":{"loc":{"start":{"line":22,"column":4},"end":{"line":24,"column":null}},"type":"if","locations":[{"start":{"line":22,"column":4},"end":{"line":24,"column":null}},{"start":{},"end":{}}],"line":22},"2":{"loc":{"start":{"line":22,"column":8},"end":{"line":22,"column":24}},"type":"binary-expr","locations":[{"start":{"line":22,"column":8},"end":{"line":22,"column":17}},{"start":{"line":22,"column":17},"end":{"line":22,"column":24}}],"line":22},"3":{"loc":{"start":{"line":38,"column":18},"end":{"line":38,"column":null}},"type":"binary-expr","locations":[{"start":{"line":38,"column":18},"end":{"line":38,"column":41}},{"start":{"line":38,"column":41},"end":{"line":38,"column":null}}],"line":38},"4":{"loc":{"start":{"line":39,"column":22},"end":{"line":39,"column":null}},"type":"binary-expr","locations":[{"start":{"line":39,"column":22},"end":{"line":39,"column":49}},{"start":{"line":39,"column":49},"end":{"line":39,"column":null}}],"line":39},"5":{"loc":{"start":{"line":40,"column":21},"end":{"line":40,"column":null}},"type":"binary-expr","locations":[{"start":{"line":40,"column":21},"end":{"line":40,"column":47}},{"start":{"line":40,"column":47},"end":{"line":40,"column":null}}],"line":40},"6":{"loc":{"start":{"line":41,"column":15},"end":{"line":41,"column":null}},"type":"binary-expr","locations":[{"start":{"line":41,"column":15},"end":{"line":41,"column":35}},{"start":{"line":41,"column":35},"end":{"line":41,"column":null}}],"line":41},"7":{"loc":{"start":{"line":57,"column":4},"end":{"line":57,"column":null}},"type":"if","locations":[{"start":{"line":57,"column":4},"end":{"line":57,"column":null}},{"start":{},"end":{}}],"line":57},"8":{"loc":{"start":{"line":71,"column":4},"end":{"line":76,"column":null}},"type":"if","locations":[{"start":{"line":71,"column":4},"end":{"line":76,"column":null}},{"start":{},"end":{}}],"line":71},"9":{"loc":{"start":{"line":83,"column":14},"end":{"line":83,"column":null}},"type":"binary-expr","locations":[{"start":{"line":83,"column":14},"end":{"line":83,"column":22}},{"start":{"line":83,"column":22},"end":{"line":83,"column":null}}],"line":83},"10":{"loc":{"start":{"line":85,"column":16},"end":{"line":85,"column":null}},"type":"binary-expr","locations":[{"start":{"line":85,"column":16},"end":{"line":85,"column":26}},{"start":{"line":85,"column":26},"end":{"line":85,"column":null}}],"line":85},"11":{"loc":{"start":{"line":86,"column":22},"end":{"line":86,"column":null}},"type":"binary-expr","locations":[{"start":{"line":86,"column":22},"end":{"line":86,"column":37}},{"start":{"line":86,"column":37},"end":{"line":86,"column":null}}],"line":86},"12":{"loc":{"start":{"line":91,"column":4},"end":{"line":91,"column":null}},"type":"if","locations":[{"start":{"line":91,"column":4},"end":{"line":91,"column":null}},{"start":{},"end":{}}],"line":91},"13":{"loc":{"start":{"line":107,"column":4},"end":{"line":107,"column":null}},"type":"if","locations":[{"start":{"line":107,"column":4},"end":{"line":107,"column":null}},{"start":{},"end":{}}],"line":107},"14":{"loc":{"start":{"line":121,"column":4},"end":{"line":126,"column":null}},"type":"if","locations":[{"start":{"line":121,"column":4},"end":{"line":126,"column":null}},{"start":{},"end":{}}],"line":121},"15":{"loc":{"start":{"line":129,"column":4},"end":{"line":129,"column":null}},"type":"if","locations":[{"start":{"line":129,"column":4},"end":{"line":129,"column":null}},{"start":{},"end":{}}],"line":129},"16":{"loc":{"start":{"line":130,"column":4},"end":{"line":130,"column":null}},"type":"if","locations":[{"start":{"line":130,"column":4},"end":{"line":130,"column":null}},{"start":{},"end":{}}],"line":130},"17":{"loc":{"start":{"line":131,"column":4},"end":{"line":131,"column":null}},"type":"if","locations":[{"start":{"line":131,"column":4},"end":{"line":131,"column":null}},{"start":{},"end":{}}],"line":131},"18":{"loc":{"start":{"line":132,"column":4},"end":{"line":132,"column":null}},"type":"if","locations":[{"start":{"line":132,"column":4},"end":{"line":132,"column":null}},{"start":{},"end":{}}],"line":132},"19":{"loc":{"start":{"line":141,"column":4},"end":{"line":141,"column":null}},"type":"if","locations":[{"start":{"line":141,"column":4},"end":{"line":141,"column":null}},{"start":{},"end":{}}],"line":141},"20":{"loc":{"start":{"line":157,"column":4},"end":{"line":157,"column":null}},"type":"if","locations":[{"start":{"line":157,"column":4},"end":{"line":157,"column":null}},{"start":{},"end":{}}],"line":157},"21":{"loc":{"start":{"line":175,"column":4},"end":{"line":175,"column":null}},"type":"if","locations":[{"start":{"line":175,"column":4},"end":{"line":175,"column":null}},{"start":{},"end":{}}],"line":175},"22":{"loc":{"start":{"line":180,"column":18},"end":{"line":180,"column":null}},"type":"binary-expr","locations":[{"start":{"line":180,"column":18},"end":{"line":180,"column":41}},{"start":{"line":180,"column":41},"end":{"line":180,"column":null}}],"line":180},"23":{"loc":{"start":{"line":181,"column":22},"end":{"line":181,"column":null}},"type":"binary-expr","locations":[{"start":{"line":181,"column":22},"end":{"line":181,"column":49}},{"start":{"line":181,"column":49},"end":{"line":181,"column":null}}],"line":181},"24":{"loc":{"start":{"line":182,"column":21},"end":{"line":182,"column":null}},"type":"binary-expr","locations":[{"start":{"line":182,"column":21},"end":{"line":182,"column":47}},{"start":{"line":182,"column":47},"end":{"line":182,"column":null}}],"line":182},"25":{"loc":{"start":{"line":183,"column":15},"end":{"line":183,"column":null}},"type":"binary-expr","locations":[{"start":{"line":183,"column":15},"end":{"line":183,"column":35}},{"start":{"line":183,"column":35},"end":{"line":183,"column":null}}],"line":183}},"s":{"0":3,"1":3,"2":3,"3":1,"4":2,"5":2,"6":2,"7":1,"8":1,"9":1,"10":0,"11":0,"12":3,"13":3,"14":3,"15":1,"16":2,"17":2,"18":2,"19":2,"20":2,"21":1,"22":1,"23":1,"24":0,"25":1,"26":0,"27":0,"28":4,"29":4,"30":4,"31":1,"32":3,"33":3,"34":3,"35":3,"36":3,"37":1,"38":2,"39":2,"40":1,"41":2,"42":0,"43":2,"44":2,"45":2,"46":2,"47":2,"48":2,"49":0,"50":2,"51":0,"52":0,"53":2,"54":2,"55":2,"56":1,"57":1,"58":1,"59":1,"60":1,"61":0,"62":1,"63":0,"64":0},"f":{"0":3,"1":3,"2":4,"3":2},"b":{"0":[1,2],"1":[1,1],"2":[2,2],"3":[1,0],"4":[3,0],"5":[3,0],"6":[3,0],"7":[1,2],"8":[1,1],"9":[1,0],"10":[3,1],"11":[3,1],"12":[0,1],"13":[1,3],"14":[1,2],"15":[1,1],"16":[0,2],"17":[0,2],"18":[1,1],"19":[0,2],"20":[1,1],"21":[0,1],"22":[1,0],"23":[2,0],"24":[2,0],"25":[2,0]},"meta":{"lastBranch":26,"lastFunction":4,"lastStatement":65,"seen":{"f:6:22:6:28":0,"s:7:2:50:Infinity":0,"s:8:17:8:Infinity":1,"b:9:4:9:Infinity:undefined:undefined:undefined:undefined":0,"s:9:4:9:Infinity":2,"s:9:20:9:Infinity":3,"s:11:21:11:Infinity":4,"s:14:34:18:Infinity":5,"b:22:4:24:Infinity:undefined:undefined:undefined:undefined":1,"s:22:4:24:Infinity":6,"b:22:8:22:17:22:17:22:24":2,"s:23:6:23:Infinity":7,"s:27:77:32:Infinity":8,"s:35:4:43:Infinity":9,"b:38:18:38:41:38:41:38:Infinity":3,"b:39:22:39:49:39:49:39:Infinity":4,"b:40:21:40:47:40:47:40:Infinity":5,"b:41:15:41:35:41:35:41:Infinity":6,"s:45:4:45:Infinity":10,"s:46:4:49:Infinity":11,"f:54:22:54:27":1,"s:55:2:100:Infinity":12,"s:56:17:56:Infinity":13,"b:57:4:57:Infinity:undefined:undefined:undefined:undefined":7,"s:57:4:57:Infinity":14,"s:57:20:57:Infinity":15,"s:59:17:59:Infinity":16,"s:60:21:60:Infinity":17,"s:62:42:62:Infinity":18,"s:65:35:69:Infinity":19,"b:71:4:76:Infinity:undefined:undefined:undefined:undefined":8,"s:71:4:76:Infinity":20,"s:72:6:75:Infinity":21,"s:79:34:89:Infinity":22,"b:83:14:83:22:83:22:83:Infinity":9,"b:85:16:85:26:85:26:85:Infinity":10,"b:86:22:86:37:86:37:86:Infinity":11,"b:91:4:91:Infinity:undefined:undefined:undefined:undefined":12,"s:91:4:91:Infinity":23,"s:91:15:91:Infinity":24,"s:93:4:93:Infinity":25,"s:95:4:95:Infinity":26,"s:96:4:99:Infinity":27,"f:104:22:104:26":2,"s:105:2:150:Infinity":28,"s:106:17:106:Infinity":29,"b:107:4:107:Infinity:undefined:undefined:undefined:undefined":13,"s:107:4:107:Infinity":30,"s:107:20:107:Infinity":31,"s:109:17:109:Infinity":32,"s:110:21:110:Infinity":33,"s:112:55:112:Infinity":34,"s:115:35:119:Infinity":35,"b:121:4:126:Infinity:undefined:undefined:undefined:undefined":14,"s:121:4:126:Infinity":36,"s:122:6:125:Infinity":37,"s:128:48:128:Infinity":38,"b:129:4:129:Infinity:undefined:undefined:undefined:undefined":15,"s:129:4:129:Infinity":39,"s:129:28:129:Infinity":40,"b:130:4:130:Infinity:undefined:undefined:undefined:undefined":16,"s:130:4:130:Infinity":41,"s:130:30:130:Infinity":42,"b:131:4:131:Infinity:undefined:undefined:undefined:undefined":17,"s:131:4:131:Infinity":43,"s:131:35:131:Infinity":44,"b:132:4:132:Infinity:undefined:undefined:undefined:undefined":18,"s:132:4:132:Infinity":45,"s:132:35:132:Infinity":46,"s:134:34:139:Infinity":47,"b:141:4:141:Infinity:undefined:undefined:undefined:undefined":19,"s:141:4:141:Infinity":48,"s:141:15:141:Infinity":49,"s:143:4:143:Infinity":50,"s:145:4:145:Infinity":51,"s:146:4:149:Infinity":52,"f:154:22:154:31":3,"s:155:2:192:Infinity":53,"s:156:17:156:Infinity":54,"b:157:4:157:Infinity:undefined:undefined:undefined:undefined":20,"s:157:4:157:Infinity":55,"s:157:20:157:Infinity":56,"s:159:21:159:Infinity":57,"s:162:77:167:Infinity":58,"s:170:22:173:Infinity":59,"b:175:4:175:Infinity:undefined:undefined:undefined:undefined":21,"s:175:4:175:Infinity":60,"s:175:15:175:Infinity":61,"s:177:4:185:Infinity":62,"b:180:18:180:41:180:41:180:Infinity":22,"b:181:22:181:49:181:49:181:Infinity":23,"b:182:21:182:47:182:47:182:Infinity":24,"b:183:15:183:35:183:35:183:Infinity":25,"s:187:4:187:Infinity":63,"s:188:4:191:Infinity":64}}}
}
